<?xml version="1.0" encoding="UTF-8"?>
<testng-results ignored="0" total="33" passed="5" failed="0" skipped="28">
  <reporter-output>
  </reporter-output>
  <suite started-at="2019-11-09T02:45:01 EET" name="Free CRM Application Test" finished-at="2019-11-09T02:48:09 EET" duration-ms="187675">
    <groups>
    </groups>
    <test started-at="2019-11-09T02:45:01 EET" name="End to End Test" finished-at="2019-11-09T02:48:09 EET" duration-ms="187675">
      <class name="Com.FreeCRM.TestCases.ContactsPageTest">
        <test-method is-config="true" signature="Beforetest(java.lang.String, java.lang.reflect.Method)[pri:0, instance:Com.FreeCRM.TestCases.ContactsPageTest@2177849e]" started-at="2019-11-09T02:47:44 EET" name="Beforetest" finished-at="2019-11-09T02:48:08 EET" duration-ms="24342" status="FAIL">
          <params>
            <param index="0">
              <value>
                <![CDATA[chrome]]>
              </value>
            </param>
            <param index="1">
              <value>
                <![CDATA[public void Com.FreeCRM.TestCases.ContactsPageTest.ContactsData(java.lang.String,java.lang.String,java.lang.String,java.lang.String,java.lang.String) throws java.io.IOException,java.lang.InterruptedException]]>
              </value>
            </param>
          </params>
          <exception class="atu.testrecorder.exceptions.ATUTestRecorderException">
            <full-stacktrace>
              <![CDATA[[ATU Test Recorder Exception] line with format PCM_SIGNED 44100.0 Hz, 16 bit, mono, 2 bytes/frame, big-endian not supported.
at atu.testrecorder.ATUTestRecorder.start(ATUTestRecorder.java:376)
at Com.FreeCRM.TestCases.ContactsPageTest.Beforetest(ContactsPageTest.java:37)
at java.base/jdk.internal.reflect.NativeMethodAccessorImpl.invoke0(Native Method)
at java.base/jdk.internal.reflect.NativeMethodAccessorImpl.invoke(NativeMethodAccessorImpl.java:62)
at java.base/jdk.internal.reflect.DelegatingMethodAccessorImpl.invoke(DelegatingMethodAccessorImpl.java:43)
at java.base/java.lang.reflect.Method.invoke(Method.java:566)
at org.testng.internal.MethodInvocationHelper.invokeMethod(MethodInvocationHelper.java:133)
at org.testng.internal.MethodInvocationHelper.invokeMethodConsideringTimeout(MethodInvocationHelper.java:62)
at org.testng.internal.ConfigInvoker.invokeConfigurationMethod(ConfigInvoker.java:340)
at org.testng.internal.ConfigInvoker.invokeConfigurations(ConfigInvoker.java:294)
at org.testng.internal.TestInvoker.runConfigMethods(TestInvoker.java:683)
at org.testng.internal.TestInvoker.invokeMethod(TestInvoker.java:510)
at org.testng.internal.TestInvoker.invokeTestMethod(TestInvoker.java:172)
at org.testng.internal.MethodRunner.runInSequence(MethodRunner.java:46)
at org.testng.internal.TestInvoker$MethodInvocationAgent.invoke(TestInvoker.java:804)
at org.testng.internal.TestInvoker.invokeTestMethods(TestInvoker.java:145)
at org.testng.internal.TestMethodWorker.invokeTestMethods(TestMethodWorker.java:146)
at org.testng.internal.TestMethodWorker.run(TestMethodWorker.java:128)
at java.base/java.util.ArrayList.forEach(ArrayList.java:1540)
at org.testng.TestRunner.privateRun(TestRunner.java:770)
at org.testng.TestRunner.run(TestRunner.java:591)
at org.testng.SuiteRunner.runTest(SuiteRunner.java:402)
at org.testng.SuiteRunner.runSequentially(SuiteRunner.java:396)
at org.testng.SuiteRunner.privateRun(SuiteRunner.java:355)
at org.testng.SuiteRunner.run(SuiteRunner.java:304)
at org.testng.SuiteRunnerWorker.runSuite(SuiteRunnerWorker.java:53)
at org.testng.SuiteRunnerWorker.run(SuiteRunnerWorker.java:96)
at org.testng.TestNG.runSuitesSequentially(TestNG.java:1180)
at org.testng.TestNG.runSuitesLocally(TestNG.java:1102)
at org.testng.TestNG.runSuites(TestNG.java:1032)
at org.testng.TestNG.run(TestNG.java:1000)
at org.testng.remote.AbstractRemoteTestNG.run(AbstractRemoteTestNG.java:115)
at org.testng.remote.RemoteTestNG.initAndRun(RemoteTestNG.java:251)
at org.testng.remote.RemoteTestNG.main(RemoteTestNG.java:77)
]]>
            </full-stacktrace>
          </exception> <!-- atu.testrecorder.exceptions.ATUTestRecorderException -->
          <reporter-output>
          </reporter-output>
        </test-method> <!-- Beforetest -->
        <test-method signature="ContactsData(java.lang.String, java.lang.String, java.lang.String, java.lang.String, java.lang.String)[pri:0, instance:Com.FreeCRM.TestCases.ContactsPageTest@2177849e]" started-at="2019-11-09T02:48:08 EET" name="ContactsData" data-provider="TestData" finished-at="2019-11-09T02:48:08 EET" duration-ms="0" status="SKIP">
          <exception class="atu.testrecorder.exceptions.ATUTestRecorderException">
            <full-stacktrace>
              <![CDATA[[ATU Test Recorder Exception] line with format PCM_SIGNED 44100.0 Hz, 16 bit, mono, 2 bytes/frame, big-endian not supported.
at atu.testrecorder.ATUTestRecorder.start(ATUTestRecorder.java:376)
at Com.FreeCRM.TestCases.ContactsPageTest.Beforetest(ContactsPageTest.java:37)
at java.base/jdk.internal.reflect.NativeMethodAccessorImpl.invoke0(Native Method)
at java.base/jdk.internal.reflect.NativeMethodAccessorImpl.invoke(NativeMethodAccessorImpl.java:62)
at java.base/jdk.internal.reflect.DelegatingMethodAccessorImpl.invoke(DelegatingMethodAccessorImpl.java:43)
at java.base/java.lang.reflect.Method.invoke(Method.java:566)
at org.testng.internal.MethodInvocationHelper.invokeMethod(MethodInvocationHelper.java:133)
at org.testng.internal.MethodInvocationHelper.invokeMethodConsideringTimeout(MethodInvocationHelper.java:62)
at org.testng.internal.ConfigInvoker.invokeConfigurationMethod(ConfigInvoker.java:340)
at org.testng.internal.ConfigInvoker.invokeConfigurations(ConfigInvoker.java:294)
at org.testng.internal.TestInvoker.runConfigMethods(TestInvoker.java:683)
at org.testng.internal.TestInvoker.invokeMethod(TestInvoker.java:510)
at org.testng.internal.TestInvoker.invokeTestMethod(TestInvoker.java:172)
at org.testng.internal.MethodRunner.runInSequence(MethodRunner.java:46)
at org.testng.internal.TestInvoker$MethodInvocationAgent.invoke(TestInvoker.java:804)
at org.testng.internal.TestInvoker.invokeTestMethods(TestInvoker.java:145)
at org.testng.internal.TestMethodWorker.invokeTestMethods(TestMethodWorker.java:146)
at org.testng.internal.TestMethodWorker.run(TestMethodWorker.java:128)
at java.base/java.util.ArrayList.forEach(ArrayList.java:1540)
at org.testng.TestRunner.privateRun(TestRunner.java:770)
at org.testng.TestRunner.run(TestRunner.java:591)
at org.testng.SuiteRunner.runTest(SuiteRunner.java:402)
at org.testng.SuiteRunner.runSequentially(SuiteRunner.java:396)
at org.testng.SuiteRunner.privateRun(SuiteRunner.java:355)
at org.testng.SuiteRunner.run(SuiteRunner.java:304)
at org.testng.SuiteRunnerWorker.runSuite(SuiteRunnerWorker.java:53)
at org.testng.SuiteRunnerWorker.run(SuiteRunnerWorker.java:96)
at org.testng.TestNG.runSuitesSequentially(TestNG.java:1180)
at org.testng.TestNG.runSuitesLocally(TestNG.java:1102)
at org.testng.TestNG.runSuites(TestNG.java:1032)
at org.testng.TestNG.run(TestNG.java:1000)
at org.testng.remote.AbstractRemoteTestNG.run(AbstractRemoteTestNG.java:115)
at org.testng.remote.RemoteTestNG.initAndRun(RemoteTestNG.java:251)
at org.testng.remote.RemoteTestNG.main(RemoteTestNG.java:77)
]]>
            </full-stacktrace>
          </exception> <!-- atu.testrecorder.exceptions.ATUTestRecorderException -->
          <reporter-output>
          </reporter-output>
        </test-method> <!-- ContactsData -->
        <test-method is-config="true" signature="AfterTest(java.lang.reflect.Method)[pri:0, instance:Com.FreeCRM.TestCases.ContactsPageTest@2177849e]" started-at="2019-11-09T02:48:08 EET" name="AfterTest" finished-at="1970-01-01T02:00:00 EET" duration-ms="-1573260488955" status="SKIP">
          <reporter-output>
          </reporter-output>
        </test-method> <!-- AfterTest -->
        <test-method is-config="true" signature="Beforetest(java.lang.String, java.lang.reflect.Method)[pri:0, instance:Com.FreeCRM.TestCases.ContactsPageTest@2177849e]" started-at="2019-11-09T02:48:08 EET" name="Beforetest" finished-at="1970-01-01T02:00:00 EET" duration-ms="-1573260488957" status="SKIP">
          <reporter-output>
          </reporter-output>
        </test-method> <!-- Beforetest -->
        <test-method signature="ContactsData(java.lang.String, java.lang.String, java.lang.String, java.lang.String, java.lang.String)[pri:0, instance:Com.FreeCRM.TestCases.ContactsPageTest@2177849e]" started-at="2019-11-09T02:48:08 EET" name="ContactsData" data-provider="TestData" finished-at="2019-11-09T02:48:08 EET" duration-ms="0" status="SKIP">
          <exception class="atu.testrecorder.exceptions.ATUTestRecorderException">
            <full-stacktrace>
              <![CDATA[[ATU Test Recorder Exception] line with format PCM_SIGNED 44100.0 Hz, 16 bit, mono, 2 bytes/frame, big-endian not supported.
at atu.testrecorder.ATUTestRecorder.start(ATUTestRecorder.java:376)
at Com.FreeCRM.TestCases.ContactsPageTest.Beforetest(ContactsPageTest.java:37)
at java.base/jdk.internal.reflect.NativeMethodAccessorImpl.invoke0(Native Method)
at java.base/jdk.internal.reflect.NativeMethodAccessorImpl.invoke(NativeMethodAccessorImpl.java:62)
at java.base/jdk.internal.reflect.DelegatingMethodAccessorImpl.invoke(DelegatingMethodAccessorImpl.java:43)
at java.base/java.lang.reflect.Method.invoke(Method.java:566)
at org.testng.internal.MethodInvocationHelper.invokeMethod(MethodInvocationHelper.java:133)
at org.testng.internal.MethodInvocationHelper.invokeMethodConsideringTimeout(MethodInvocationHelper.java:62)
at org.testng.internal.ConfigInvoker.invokeConfigurationMethod(ConfigInvoker.java:340)
at org.testng.internal.ConfigInvoker.invokeConfigurations(ConfigInvoker.java:294)
at org.testng.internal.TestInvoker.runConfigMethods(TestInvoker.java:683)
at org.testng.internal.TestInvoker.invokeMethod(TestInvoker.java:510)
at org.testng.internal.TestInvoker.invokeTestMethod(TestInvoker.java:172)
at org.testng.internal.MethodRunner.runInSequence(MethodRunner.java:46)
at org.testng.internal.TestInvoker$MethodInvocationAgent.invoke(TestInvoker.java:804)
at org.testng.internal.TestInvoker.invokeTestMethods(TestInvoker.java:145)
at org.testng.internal.TestMethodWorker.invokeTestMethods(TestMethodWorker.java:146)
at org.testng.internal.TestMethodWorker.run(TestMethodWorker.java:128)
at java.base/java.util.ArrayList.forEach(ArrayList.java:1540)
at org.testng.TestRunner.privateRun(TestRunner.java:770)
at org.testng.TestRunner.run(TestRunner.java:591)
at org.testng.SuiteRunner.runTest(SuiteRunner.java:402)
at org.testng.SuiteRunner.runSequentially(SuiteRunner.java:396)
at org.testng.SuiteRunner.privateRun(SuiteRunner.java:355)
at org.testng.SuiteRunner.run(SuiteRunner.java:304)
at org.testng.SuiteRunnerWorker.runSuite(SuiteRunnerWorker.java:53)
at org.testng.SuiteRunnerWorker.run(SuiteRunnerWorker.java:96)
at org.testng.TestNG.runSuitesSequentially(TestNG.java:1180)
at org.testng.TestNG.runSuitesLocally(TestNG.java:1102)
at org.testng.TestNG.runSuites(TestNG.java:1032)
at org.testng.TestNG.run(TestNG.java:1000)
at org.testng.remote.AbstractRemoteTestNG.run(AbstractRemoteTestNG.java:115)
at org.testng.remote.RemoteTestNG.initAndRun(RemoteTestNG.java:251)
at org.testng.remote.RemoteTestNG.main(RemoteTestNG.java:77)
]]>
            </full-stacktrace>
          </exception> <!-- atu.testrecorder.exceptions.ATUTestRecorderException -->
          <reporter-output>
          </reporter-output>
        </test-method> <!-- ContactsData -->
        <test-method is-config="true" signature="AfterTest(java.lang.reflect.Method)[pri:0, instance:Com.FreeCRM.TestCases.ContactsPageTest@2177849e]" started-at="2019-11-09T02:48:09 EET" name="AfterTest" finished-at="1970-01-01T02:00:00 EET" duration-ms="-1573260489005" status="SKIP">
          <reporter-output>
          </reporter-output>
        </test-method> <!-- AfterTest -->
        <test-method is-config="true" signature="Beforetest(java.lang.String, java.lang.reflect.Method)[pri:0, instance:Com.FreeCRM.TestCases.ContactsPageTest@2177849e]" started-at="2019-11-09T02:48:09 EET" name="Beforetest" finished-at="1970-01-01T02:00:00 EET" duration-ms="-1573260489007" status="SKIP">
          <reporter-output>
          </reporter-output>
        </test-method> <!-- Beforetest -->
        <test-method signature="ContactsData(java.lang.String, java.lang.String, java.lang.String, java.lang.String, java.lang.String)[pri:0, instance:Com.FreeCRM.TestCases.ContactsPageTest@2177849e]" started-at="2019-11-09T02:48:09 EET" name="ContactsData" data-provider="TestData" finished-at="2019-11-09T02:48:09 EET" duration-ms="0" status="SKIP">
          <exception class="atu.testrecorder.exceptions.ATUTestRecorderException">
            <full-stacktrace>
              <![CDATA[[ATU Test Recorder Exception] line with format PCM_SIGNED 44100.0 Hz, 16 bit, mono, 2 bytes/frame, big-endian not supported.
at atu.testrecorder.ATUTestRecorder.start(ATUTestRecorder.java:376)
at Com.FreeCRM.TestCases.ContactsPageTest.Beforetest(ContactsPageTest.java:37)
at java.base/jdk.internal.reflect.NativeMethodAccessorImpl.invoke0(Native Method)
at java.base/jdk.internal.reflect.NativeMethodAccessorImpl.invoke(NativeMethodAccessorImpl.java:62)
at java.base/jdk.internal.reflect.DelegatingMethodAccessorImpl.invoke(DelegatingMethodAccessorImpl.java:43)
at java.base/java.lang.reflect.Method.invoke(Method.java:566)
at org.testng.internal.MethodInvocationHelper.invokeMethod(MethodInvocationHelper.java:133)
at org.testng.internal.MethodInvocationHelper.invokeMethodConsideringTimeout(MethodInvocationHelper.java:62)
at org.testng.internal.ConfigInvoker.invokeConfigurationMethod(ConfigInvoker.java:340)
at org.testng.internal.ConfigInvoker.invokeConfigurations(ConfigInvoker.java:294)
at org.testng.internal.TestInvoker.runConfigMethods(TestInvoker.java:683)
at org.testng.internal.TestInvoker.invokeMethod(TestInvoker.java:510)
at org.testng.internal.TestInvoker.invokeTestMethod(TestInvoker.java:172)
at org.testng.internal.MethodRunner.runInSequence(MethodRunner.java:46)
at org.testng.internal.TestInvoker$MethodInvocationAgent.invoke(TestInvoker.java:804)
at org.testng.internal.TestInvoker.invokeTestMethods(TestInvoker.java:145)
at org.testng.internal.TestMethodWorker.invokeTestMethods(TestMethodWorker.java:146)
at org.testng.internal.TestMethodWorker.run(TestMethodWorker.java:128)
at java.base/java.util.ArrayList.forEach(ArrayList.java:1540)
at org.testng.TestRunner.privateRun(TestRunner.java:770)
at org.testng.TestRunner.run(TestRunner.java:591)
at org.testng.SuiteRunner.runTest(SuiteRunner.java:402)
at org.testng.SuiteRunner.runSequentially(SuiteRunner.java:396)
at org.testng.SuiteRunner.privateRun(SuiteRunner.java:355)
at org.testng.SuiteRunner.run(SuiteRunner.java:304)
at org.testng.SuiteRunnerWorker.runSuite(SuiteRunnerWorker.java:53)
at org.testng.SuiteRunnerWorker.run(SuiteRunnerWorker.java:96)
at org.testng.TestNG.runSuitesSequentially(TestNG.java:1180)
at org.testng.TestNG.runSuitesLocally(TestNG.java:1102)
at org.testng.TestNG.runSuites(TestNG.java:1032)
at org.testng.TestNG.run(TestNG.java:1000)
at org.testng.remote.AbstractRemoteTestNG.run(AbstractRemoteTestNG.java:115)
at org.testng.remote.RemoteTestNG.initAndRun(RemoteTestNG.java:251)
at org.testng.remote.RemoteTestNG.main(RemoteTestNG.java:77)
]]>
            </full-stacktrace>
          </exception> <!-- atu.testrecorder.exceptions.ATUTestRecorderException -->
          <reporter-output>
          </reporter-output>
        </test-method> <!-- ContactsData -->
        <test-method is-config="true" signature="AfterTest(java.lang.reflect.Method)[pri:0, instance:Com.FreeCRM.TestCases.ContactsPageTest@2177849e]" started-at="2019-11-09T02:48:09 EET" name="AfterTest" finished-at="1970-01-01T02:00:00 EET" duration-ms="-1573260489022" status="SKIP">
          <reporter-output>
          </reporter-output>
        </test-method> <!-- AfterTest -->
        <test-method is-config="true" signature="Beforetest(java.lang.String, java.lang.reflect.Method)[pri:0, instance:Com.FreeCRM.TestCases.ContactsPageTest@2177849e]" started-at="2019-11-09T02:48:09 EET" name="Beforetest" finished-at="1970-01-01T02:00:00 EET" duration-ms="-1573260489026" status="SKIP">
          <reporter-output>
          </reporter-output>
        </test-method> <!-- Beforetest -->
        <test-method signature="ContactsData(java.lang.String, java.lang.String, java.lang.String, java.lang.String, java.lang.String)[pri:0, instance:Com.FreeCRM.TestCases.ContactsPageTest@2177849e]" started-at="2019-11-09T02:48:09 EET" name="ContactsData" data-provider="TestData" finished-at="2019-11-09T02:48:09 EET" duration-ms="0" status="SKIP">
          <exception class="atu.testrecorder.exceptions.ATUTestRecorderException">
            <full-stacktrace>
              <![CDATA[[ATU Test Recorder Exception] line with format PCM_SIGNED 44100.0 Hz, 16 bit, mono, 2 bytes/frame, big-endian not supported.
at atu.testrecorder.ATUTestRecorder.start(ATUTestRecorder.java:376)
at Com.FreeCRM.TestCases.ContactsPageTest.Beforetest(ContactsPageTest.java:37)
at java.base/jdk.internal.reflect.NativeMethodAccessorImpl.invoke0(Native Method)
at java.base/jdk.internal.reflect.NativeMethodAccessorImpl.invoke(NativeMethodAccessorImpl.java:62)
at java.base/jdk.internal.reflect.DelegatingMethodAccessorImpl.invoke(DelegatingMethodAccessorImpl.java:43)
at java.base/java.lang.reflect.Method.invoke(Method.java:566)
at org.testng.internal.MethodInvocationHelper.invokeMethod(MethodInvocationHelper.java:133)
at org.testng.internal.MethodInvocationHelper.invokeMethodConsideringTimeout(MethodInvocationHelper.java:62)
at org.testng.internal.ConfigInvoker.invokeConfigurationMethod(ConfigInvoker.java:340)
at org.testng.internal.ConfigInvoker.invokeConfigurations(ConfigInvoker.java:294)
at org.testng.internal.TestInvoker.runConfigMethods(TestInvoker.java:683)
at org.testng.internal.TestInvoker.invokeMethod(TestInvoker.java:510)
at org.testng.internal.TestInvoker.invokeTestMethod(TestInvoker.java:172)
at org.testng.internal.MethodRunner.runInSequence(MethodRunner.java:46)
at org.testng.internal.TestInvoker$MethodInvocationAgent.invoke(TestInvoker.java:804)
at org.testng.internal.TestInvoker.invokeTestMethods(TestInvoker.java:145)
at org.testng.internal.TestMethodWorker.invokeTestMethods(TestMethodWorker.java:146)
at org.testng.internal.TestMethodWorker.run(TestMethodWorker.java:128)
at java.base/java.util.ArrayList.forEach(ArrayList.java:1540)
at org.testng.TestRunner.privateRun(TestRunner.java:770)
at org.testng.TestRunner.run(TestRunner.java:591)
at org.testng.SuiteRunner.runTest(SuiteRunner.java:402)
at org.testng.SuiteRunner.runSequentially(SuiteRunner.java:396)
at org.testng.SuiteRunner.privateRun(SuiteRunner.java:355)
at org.testng.SuiteRunner.run(SuiteRunner.java:304)
at org.testng.SuiteRunnerWorker.runSuite(SuiteRunnerWorker.java:53)
at org.testng.SuiteRunnerWorker.run(SuiteRunnerWorker.java:96)
at org.testng.TestNG.runSuitesSequentially(TestNG.java:1180)
at org.testng.TestNG.runSuitesLocally(TestNG.java:1102)
at org.testng.TestNG.runSuites(TestNG.java:1032)
at org.testng.TestNG.run(TestNG.java:1000)
at org.testng.remote.AbstractRemoteTestNG.run(AbstractRemoteTestNG.java:115)
at org.testng.remote.RemoteTestNG.initAndRun(RemoteTestNG.java:251)
at org.testng.remote.RemoteTestNG.main(RemoteTestNG.java:77)
]]>
            </full-stacktrace>
          </exception> <!-- atu.testrecorder.exceptions.ATUTestRecorderException -->
          <reporter-output>
          </reporter-output>
        </test-method> <!-- ContactsData -->
        <test-method is-config="true" signature="AfterTest(java.lang.reflect.Method)[pri:0, instance:Com.FreeCRM.TestCases.ContactsPageTest@2177849e]" started-at="2019-11-09T02:48:09 EET" name="AfterTest" finished-at="1970-01-01T02:00:00 EET" duration-ms="-1573260489031" status="SKIP">
          <reporter-output>
          </reporter-output>
        </test-method> <!-- AfterTest -->
        <test-method is-config="true" signature="Beforetest(java.lang.String, java.lang.reflect.Method)[pri:0, instance:Com.FreeCRM.TestCases.ContactsPageTest@2177849e]" started-at="2019-11-09T02:48:09 EET" name="Beforetest" finished-at="1970-01-01T02:00:00 EET" duration-ms="-1573260489033" status="SKIP">
          <reporter-output>
          </reporter-output>
        </test-method> <!-- Beforetest -->
        <test-method signature="ContactsData(java.lang.String, java.lang.String, java.lang.String, java.lang.String, java.lang.String)[pri:0, instance:Com.FreeCRM.TestCases.ContactsPageTest@2177849e]" started-at="2019-11-09T02:48:09 EET" name="ContactsData" data-provider="TestData" finished-at="2019-11-09T02:48:09 EET" duration-ms="0" status="SKIP">
          <exception class="atu.testrecorder.exceptions.ATUTestRecorderException">
            <full-stacktrace>
              <![CDATA[[ATU Test Recorder Exception] line with format PCM_SIGNED 44100.0 Hz, 16 bit, mono, 2 bytes/frame, big-endian not supported.
at atu.testrecorder.ATUTestRecorder.start(ATUTestRecorder.java:376)
at Com.FreeCRM.TestCases.ContactsPageTest.Beforetest(ContactsPageTest.java:37)
at java.base/jdk.internal.reflect.NativeMethodAccessorImpl.invoke0(Native Method)
at java.base/jdk.internal.reflect.NativeMethodAccessorImpl.invoke(NativeMethodAccessorImpl.java:62)
at java.base/jdk.internal.reflect.DelegatingMethodAccessorImpl.invoke(DelegatingMethodAccessorImpl.java:43)
at java.base/java.lang.reflect.Method.invoke(Method.java:566)
at org.testng.internal.MethodInvocationHelper.invokeMethod(MethodInvocationHelper.java:133)
at org.testng.internal.MethodInvocationHelper.invokeMethodConsideringTimeout(MethodInvocationHelper.java:62)
at org.testng.internal.ConfigInvoker.invokeConfigurationMethod(ConfigInvoker.java:340)
at org.testng.internal.ConfigInvoker.invokeConfigurations(ConfigInvoker.java:294)
at org.testng.internal.TestInvoker.runConfigMethods(TestInvoker.java:683)
at org.testng.internal.TestInvoker.invokeMethod(TestInvoker.java:510)
at org.testng.internal.TestInvoker.invokeTestMethod(TestInvoker.java:172)
at org.testng.internal.MethodRunner.runInSequence(MethodRunner.java:46)
at org.testng.internal.TestInvoker$MethodInvocationAgent.invoke(TestInvoker.java:804)
at org.testng.internal.TestInvoker.invokeTestMethods(TestInvoker.java:145)
at org.testng.internal.TestMethodWorker.invokeTestMethods(TestMethodWorker.java:146)
at org.testng.internal.TestMethodWorker.run(TestMethodWorker.java:128)
at java.base/java.util.ArrayList.forEach(ArrayList.java:1540)
at org.testng.TestRunner.privateRun(TestRunner.java:770)
at org.testng.TestRunner.run(TestRunner.java:591)
at org.testng.SuiteRunner.runTest(SuiteRunner.java:402)
at org.testng.SuiteRunner.runSequentially(SuiteRunner.java:396)
at org.testng.SuiteRunner.privateRun(SuiteRunner.java:355)
at org.testng.SuiteRunner.run(SuiteRunner.java:304)
at org.testng.SuiteRunnerWorker.runSuite(SuiteRunnerWorker.java:53)
at org.testng.SuiteRunnerWorker.run(SuiteRunnerWorker.java:96)
at org.testng.TestNG.runSuitesSequentially(TestNG.java:1180)
at org.testng.TestNG.runSuitesLocally(TestNG.java:1102)
at org.testng.TestNG.runSuites(TestNG.java:1032)
at org.testng.TestNG.run(TestNG.java:1000)
at org.testng.remote.AbstractRemoteTestNG.run(AbstractRemoteTestNG.java:115)
at org.testng.remote.RemoteTestNG.initAndRun(RemoteTestNG.java:251)
at org.testng.remote.RemoteTestNG.main(RemoteTestNG.java:77)
]]>
            </full-stacktrace>
          </exception> <!-- atu.testrecorder.exceptions.ATUTestRecorderException -->
          <reporter-output>
          </reporter-output>
        </test-method> <!-- ContactsData -->
        <test-method is-config="true" signature="AfterTest(java.lang.reflect.Method)[pri:0, instance:Com.FreeCRM.TestCases.ContactsPageTest@2177849e]" started-at="2019-11-09T02:48:09 EET" name="AfterTest" finished-at="1970-01-01T02:00:00 EET" duration-ms="-1573260489039" status="SKIP">
          <reporter-output>
          </reporter-output>
        </test-method> <!-- AfterTest -->
        <test-method is-config="true" signature="Beforetest(java.lang.String, java.lang.reflect.Method)[pri:0, instance:Com.FreeCRM.TestCases.ContactsPageTest@2177849e]" started-at="2019-11-09T02:48:09 EET" name="Beforetest" finished-at="1970-01-01T02:00:00 EET" duration-ms="-1573260489042" status="SKIP">
          <reporter-output>
          </reporter-output>
        </test-method> <!-- Beforetest -->
        <test-method signature="ContactsData(java.lang.String, java.lang.String, java.lang.String, java.lang.String, java.lang.String)[pri:0, instance:Com.FreeCRM.TestCases.ContactsPageTest@2177849e]" started-at="2019-11-09T02:48:09 EET" name="ContactsData" data-provider="TestData" finished-at="2019-11-09T02:48:09 EET" duration-ms="0" status="SKIP">
          <exception class="atu.testrecorder.exceptions.ATUTestRecorderException">
            <full-stacktrace>
              <![CDATA[[ATU Test Recorder Exception] line with format PCM_SIGNED 44100.0 Hz, 16 bit, mono, 2 bytes/frame, big-endian not supported.
at atu.testrecorder.ATUTestRecorder.start(ATUTestRecorder.java:376)
at Com.FreeCRM.TestCases.ContactsPageTest.Beforetest(ContactsPageTest.java:37)
at java.base/jdk.internal.reflect.NativeMethodAccessorImpl.invoke0(Native Method)
at java.base/jdk.internal.reflect.NativeMethodAccessorImpl.invoke(NativeMethodAccessorImpl.java:62)
at java.base/jdk.internal.reflect.DelegatingMethodAccessorImpl.invoke(DelegatingMethodAccessorImpl.java:43)
at java.base/java.lang.reflect.Method.invoke(Method.java:566)
at org.testng.internal.MethodInvocationHelper.invokeMethod(MethodInvocationHelper.java:133)
at org.testng.internal.MethodInvocationHelper.invokeMethodConsideringTimeout(MethodInvocationHelper.java:62)
at org.testng.internal.ConfigInvoker.invokeConfigurationMethod(ConfigInvoker.java:340)
at org.testng.internal.ConfigInvoker.invokeConfigurations(ConfigInvoker.java:294)
at org.testng.internal.TestInvoker.runConfigMethods(TestInvoker.java:683)
at org.testng.internal.TestInvoker.invokeMethod(TestInvoker.java:510)
at org.testng.internal.TestInvoker.invokeTestMethod(TestInvoker.java:172)
at org.testng.internal.MethodRunner.runInSequence(MethodRunner.java:46)
at org.testng.internal.TestInvoker$MethodInvocationAgent.invoke(TestInvoker.java:804)
at org.testng.internal.TestInvoker.invokeTestMethods(TestInvoker.java:145)
at org.testng.internal.TestMethodWorker.invokeTestMethods(TestMethodWorker.java:146)
at org.testng.internal.TestMethodWorker.run(TestMethodWorker.java:128)
at java.base/java.util.ArrayList.forEach(ArrayList.java:1540)
at org.testng.TestRunner.privateRun(TestRunner.java:770)
at org.testng.TestRunner.run(TestRunner.java:591)
at org.testng.SuiteRunner.runTest(SuiteRunner.java:402)
at org.testng.SuiteRunner.runSequentially(SuiteRunner.java:396)
at org.testng.SuiteRunner.privateRun(SuiteRunner.java:355)
at org.testng.SuiteRunner.run(SuiteRunner.java:304)
at org.testng.SuiteRunnerWorker.runSuite(SuiteRunnerWorker.java:53)
at org.testng.SuiteRunnerWorker.run(SuiteRunnerWorker.java:96)
at org.testng.TestNG.runSuitesSequentially(TestNG.java:1180)
at org.testng.TestNG.runSuitesLocally(TestNG.java:1102)
at org.testng.TestNG.runSuites(TestNG.java:1032)
at org.testng.TestNG.run(TestNG.java:1000)
at org.testng.remote.AbstractRemoteTestNG.run(AbstractRemoteTestNG.java:115)
at org.testng.remote.RemoteTestNG.initAndRun(RemoteTestNG.java:251)
at org.testng.remote.RemoteTestNG.main(RemoteTestNG.java:77)
]]>
            </full-stacktrace>
          </exception> <!-- atu.testrecorder.exceptions.ATUTestRecorderException -->
          <reporter-output>
          </reporter-output>
        </test-method> <!-- ContactsData -->
        <test-method is-config="true" signature="AfterTest(java.lang.reflect.Method)[pri:0, instance:Com.FreeCRM.TestCases.ContactsPageTest@2177849e]" started-at="2019-11-09T02:48:09 EET" name="AfterTest" finished-at="1970-01-01T02:00:00 EET" duration-ms="-1573260489049" status="SKIP">
          <reporter-output>
          </reporter-output>
        </test-method> <!-- AfterTest -->
        <test-method is-config="true" signature="Beforetest(java.lang.String, java.lang.reflect.Method)[pri:0, instance:Com.FreeCRM.TestCases.ContactsPageTest@2177849e]" started-at="2019-11-09T02:48:09 EET" name="Beforetest" finished-at="1970-01-01T02:00:00 EET" duration-ms="-1573260489051" status="SKIP">
          <reporter-output>
          </reporter-output>
        </test-method> <!-- Beforetest -->
        <test-method signature="ContactsData(java.lang.String, java.lang.String, java.lang.String, java.lang.String, java.lang.String)[pri:0, instance:Com.FreeCRM.TestCases.ContactsPageTest@2177849e]" started-at="2019-11-09T02:48:09 EET" name="ContactsData" data-provider="TestData" finished-at="2019-11-09T02:48:09 EET" duration-ms="0" status="SKIP">
          <exception class="atu.testrecorder.exceptions.ATUTestRecorderException">
            <full-stacktrace>
              <![CDATA[[ATU Test Recorder Exception] line with format PCM_SIGNED 44100.0 Hz, 16 bit, mono, 2 bytes/frame, big-endian not supported.
at atu.testrecorder.ATUTestRecorder.start(ATUTestRecorder.java:376)
at Com.FreeCRM.TestCases.ContactsPageTest.Beforetest(ContactsPageTest.java:37)
at java.base/jdk.internal.reflect.NativeMethodAccessorImpl.invoke0(Native Method)
at java.base/jdk.internal.reflect.NativeMethodAccessorImpl.invoke(NativeMethodAccessorImpl.java:62)
at java.base/jdk.internal.reflect.DelegatingMethodAccessorImpl.invoke(DelegatingMethodAccessorImpl.java:43)
at java.base/java.lang.reflect.Method.invoke(Method.java:566)
at org.testng.internal.MethodInvocationHelper.invokeMethod(MethodInvocationHelper.java:133)
at org.testng.internal.MethodInvocationHelper.invokeMethodConsideringTimeout(MethodInvocationHelper.java:62)
at org.testng.internal.ConfigInvoker.invokeConfigurationMethod(ConfigInvoker.java:340)
at org.testng.internal.ConfigInvoker.invokeConfigurations(ConfigInvoker.java:294)
at org.testng.internal.TestInvoker.runConfigMethods(TestInvoker.java:683)
at org.testng.internal.TestInvoker.invokeMethod(TestInvoker.java:510)
at org.testng.internal.TestInvoker.invokeTestMethod(TestInvoker.java:172)
at org.testng.internal.MethodRunner.runInSequence(MethodRunner.java:46)
at org.testng.internal.TestInvoker$MethodInvocationAgent.invoke(TestInvoker.java:804)
at org.testng.internal.TestInvoker.invokeTestMethods(TestInvoker.java:145)
at org.testng.internal.TestMethodWorker.invokeTestMethods(TestMethodWorker.java:146)
at org.testng.internal.TestMethodWorker.run(TestMethodWorker.java:128)
at java.base/java.util.ArrayList.forEach(ArrayList.java:1540)
at org.testng.TestRunner.privateRun(TestRunner.java:770)
at org.testng.TestRunner.run(TestRunner.java:591)
at org.testng.SuiteRunner.runTest(SuiteRunner.java:402)
at org.testng.SuiteRunner.runSequentially(SuiteRunner.java:396)
at org.testng.SuiteRunner.privateRun(SuiteRunner.java:355)
at org.testng.SuiteRunner.run(SuiteRunner.java:304)
at org.testng.SuiteRunnerWorker.runSuite(SuiteRunnerWorker.java:53)
at org.testng.SuiteRunnerWorker.run(SuiteRunnerWorker.java:96)
at org.testng.TestNG.runSuitesSequentially(TestNG.java:1180)
at org.testng.TestNG.runSuitesLocally(TestNG.java:1102)
at org.testng.TestNG.runSuites(TestNG.java:1032)
at org.testng.TestNG.run(TestNG.java:1000)
at org.testng.remote.AbstractRemoteTestNG.run(AbstractRemoteTestNG.java:115)
at org.testng.remote.RemoteTestNG.initAndRun(RemoteTestNG.java:251)
at org.testng.remote.RemoteTestNG.main(RemoteTestNG.java:77)
]]>
            </full-stacktrace>
          </exception> <!-- atu.testrecorder.exceptions.ATUTestRecorderException -->
          <reporter-output>
          </reporter-output>
        </test-method> <!-- ContactsData -->
        <test-method is-config="true" signature="AfterTest(java.lang.reflect.Method)[pri:0, instance:Com.FreeCRM.TestCases.ContactsPageTest@2177849e]" started-at="2019-11-09T02:48:09 EET" name="AfterTest" finished-at="1970-01-01T02:00:00 EET" duration-ms="-1573260489064" status="SKIP">
          <reporter-output>
          </reporter-output>
        </test-method> <!-- AfterTest -->
        <test-method is-config="true" signature="Beforetest(java.lang.String, java.lang.reflect.Method)[pri:0, instance:Com.FreeCRM.TestCases.ContactsPageTest@2177849e]" started-at="2019-11-09T02:48:09 EET" name="Beforetest" finished-at="1970-01-01T02:00:00 EET" duration-ms="-1573260489069" status="SKIP">
          <reporter-output>
          </reporter-output>
        </test-method> <!-- Beforetest -->
        <test-method signature="ContactsData(java.lang.String, java.lang.String, java.lang.String, java.lang.String, java.lang.String)[pri:0, instance:Com.FreeCRM.TestCases.ContactsPageTest@2177849e]" started-at="2019-11-09T02:48:09 EET" name="ContactsData" data-provider="TestData" finished-at="2019-11-09T02:48:09 EET" duration-ms="0" status="SKIP">
          <exception class="atu.testrecorder.exceptions.ATUTestRecorderException">
            <full-stacktrace>
              <![CDATA[[ATU Test Recorder Exception] line with format PCM_SIGNED 44100.0 Hz, 16 bit, mono, 2 bytes/frame, big-endian not supported.
at atu.testrecorder.ATUTestRecorder.start(ATUTestRecorder.java:376)
at Com.FreeCRM.TestCases.ContactsPageTest.Beforetest(ContactsPageTest.java:37)
at java.base/jdk.internal.reflect.NativeMethodAccessorImpl.invoke0(Native Method)
at java.base/jdk.internal.reflect.NativeMethodAccessorImpl.invoke(NativeMethodAccessorImpl.java:62)
at java.base/jdk.internal.reflect.DelegatingMethodAccessorImpl.invoke(DelegatingMethodAccessorImpl.java:43)
at java.base/java.lang.reflect.Method.invoke(Method.java:566)
at org.testng.internal.MethodInvocationHelper.invokeMethod(MethodInvocationHelper.java:133)
at org.testng.internal.MethodInvocationHelper.invokeMethodConsideringTimeout(MethodInvocationHelper.java:62)
at org.testng.internal.ConfigInvoker.invokeConfigurationMethod(ConfigInvoker.java:340)
at org.testng.internal.ConfigInvoker.invokeConfigurations(ConfigInvoker.java:294)
at org.testng.internal.TestInvoker.runConfigMethods(TestInvoker.java:683)
at org.testng.internal.TestInvoker.invokeMethod(TestInvoker.java:510)
at org.testng.internal.TestInvoker.invokeTestMethod(TestInvoker.java:172)
at org.testng.internal.MethodRunner.runInSequence(MethodRunner.java:46)
at org.testng.internal.TestInvoker$MethodInvocationAgent.invoke(TestInvoker.java:804)
at org.testng.internal.TestInvoker.invokeTestMethods(TestInvoker.java:145)
at org.testng.internal.TestMethodWorker.invokeTestMethods(TestMethodWorker.java:146)
at org.testng.internal.TestMethodWorker.run(TestMethodWorker.java:128)
at java.base/java.util.ArrayList.forEach(ArrayList.java:1540)
at org.testng.TestRunner.privateRun(TestRunner.java:770)
at org.testng.TestRunner.run(TestRunner.java:591)
at org.testng.SuiteRunner.runTest(SuiteRunner.java:402)
at org.testng.SuiteRunner.runSequentially(SuiteRunner.java:396)
at org.testng.SuiteRunner.privateRun(SuiteRunner.java:355)
at org.testng.SuiteRunner.run(SuiteRunner.java:304)
at org.testng.SuiteRunnerWorker.runSuite(SuiteRunnerWorker.java:53)
at org.testng.SuiteRunnerWorker.run(SuiteRunnerWorker.java:96)
at org.testng.TestNG.runSuitesSequentially(TestNG.java:1180)
at org.testng.TestNG.runSuitesLocally(TestNG.java:1102)
at org.testng.TestNG.runSuites(TestNG.java:1032)
at org.testng.TestNG.run(TestNG.java:1000)
at org.testng.remote.AbstractRemoteTestNG.run(AbstractRemoteTestNG.java:115)
at org.testng.remote.RemoteTestNG.initAndRun(RemoteTestNG.java:251)
at org.testng.remote.RemoteTestNG.main(RemoteTestNG.java:77)
]]>
            </full-stacktrace>
          </exception> <!-- atu.testrecorder.exceptions.ATUTestRecorderException -->
          <reporter-output>
          </reporter-output>
        </test-method> <!-- ContactsData -->
        <test-method is-config="true" signature="AfterTest(java.lang.reflect.Method)[pri:0, instance:Com.FreeCRM.TestCases.ContactsPageTest@2177849e]" started-at="2019-11-09T02:48:09 EET" name="AfterTest" finished-at="1970-01-01T02:00:00 EET" duration-ms="-1573260489077" status="SKIP">
          <reporter-output>
          </reporter-output>
        </test-method> <!-- AfterTest -->
        <test-method is-config="true" signature="Beforetest(java.lang.String, java.lang.reflect.Method)[pri:0, instance:Com.FreeCRM.TestCases.ContactsPageTest@2177849e]" started-at="2019-11-09T02:48:09 EET" name="Beforetest" finished-at="1970-01-01T02:00:00 EET" duration-ms="-1573260489081" status="SKIP">
          <reporter-output>
          </reporter-output>
        </test-method> <!-- Beforetest -->
        <test-method signature="ContactsData(java.lang.String, java.lang.String, java.lang.String, java.lang.String, java.lang.String)[pri:0, instance:Com.FreeCRM.TestCases.ContactsPageTest@2177849e]" started-at="2019-11-09T02:48:09 EET" name="ContactsData" data-provider="TestData" finished-at="2019-11-09T02:48:09 EET" duration-ms="0" status="SKIP">
          <exception class="atu.testrecorder.exceptions.ATUTestRecorderException">
            <full-stacktrace>
              <![CDATA[[ATU Test Recorder Exception] line with format PCM_SIGNED 44100.0 Hz, 16 bit, mono, 2 bytes/frame, big-endian not supported.
at atu.testrecorder.ATUTestRecorder.start(ATUTestRecorder.java:376)
at Com.FreeCRM.TestCases.ContactsPageTest.Beforetest(ContactsPageTest.java:37)
at java.base/jdk.internal.reflect.NativeMethodAccessorImpl.invoke0(Native Method)
at java.base/jdk.internal.reflect.NativeMethodAccessorImpl.invoke(NativeMethodAccessorImpl.java:62)
at java.base/jdk.internal.reflect.DelegatingMethodAccessorImpl.invoke(DelegatingMethodAccessorImpl.java:43)
at java.base/java.lang.reflect.Method.invoke(Method.java:566)
at org.testng.internal.MethodInvocationHelper.invokeMethod(MethodInvocationHelper.java:133)
at org.testng.internal.MethodInvocationHelper.invokeMethodConsideringTimeout(MethodInvocationHelper.java:62)
at org.testng.internal.ConfigInvoker.invokeConfigurationMethod(ConfigInvoker.java:340)
at org.testng.internal.ConfigInvoker.invokeConfigurations(ConfigInvoker.java:294)
at org.testng.internal.TestInvoker.runConfigMethods(TestInvoker.java:683)
at org.testng.internal.TestInvoker.invokeMethod(TestInvoker.java:510)
at org.testng.internal.TestInvoker.invokeTestMethod(TestInvoker.java:172)
at org.testng.internal.MethodRunner.runInSequence(MethodRunner.java:46)
at org.testng.internal.TestInvoker$MethodInvocationAgent.invoke(TestInvoker.java:804)
at org.testng.internal.TestInvoker.invokeTestMethods(TestInvoker.java:145)
at org.testng.internal.TestMethodWorker.invokeTestMethods(TestMethodWorker.java:146)
at org.testng.internal.TestMethodWorker.run(TestMethodWorker.java:128)
at java.base/java.util.ArrayList.forEach(ArrayList.java:1540)
at org.testng.TestRunner.privateRun(TestRunner.java:770)
at org.testng.TestRunner.run(TestRunner.java:591)
at org.testng.SuiteRunner.runTest(SuiteRunner.java:402)
at org.testng.SuiteRunner.runSequentially(SuiteRunner.java:396)
at org.testng.SuiteRunner.privateRun(SuiteRunner.java:355)
at org.testng.SuiteRunner.run(SuiteRunner.java:304)
at org.testng.SuiteRunnerWorker.runSuite(SuiteRunnerWorker.java:53)
at org.testng.SuiteRunnerWorker.run(SuiteRunnerWorker.java:96)
at org.testng.TestNG.runSuitesSequentially(TestNG.java:1180)
at org.testng.TestNG.runSuitesLocally(TestNG.java:1102)
at org.testng.TestNG.runSuites(TestNG.java:1032)
at org.testng.TestNG.run(TestNG.java:1000)
at org.testng.remote.AbstractRemoteTestNG.run(AbstractRemoteTestNG.java:115)
at org.testng.remote.RemoteTestNG.initAndRun(RemoteTestNG.java:251)
at org.testng.remote.RemoteTestNG.main(RemoteTestNG.java:77)
]]>
            </full-stacktrace>
          </exception> <!-- atu.testrecorder.exceptions.ATUTestRecorderException -->
          <reporter-output>
          </reporter-output>
        </test-method> <!-- ContactsData -->
        <test-method is-config="true" signature="AfterTest(java.lang.reflect.Method)[pri:0, instance:Com.FreeCRM.TestCases.ContactsPageTest@2177849e]" started-at="2019-11-09T02:48:09 EET" name="AfterTest" finished-at="1970-01-01T02:00:00 EET" duration-ms="-1573260489086" status="SKIP">
          <reporter-output>
          </reporter-output>
        </test-method> <!-- AfterTest -->
        <test-method is-config="true" signature="Beforetest(java.lang.String, java.lang.reflect.Method)[pri:0, instance:Com.FreeCRM.TestCases.ContactsPageTest@2177849e]" started-at="2019-11-09T02:48:09 EET" name="Beforetest" finished-at="1970-01-01T02:00:00 EET" duration-ms="-1573260489088" status="SKIP">
          <reporter-output>
          </reporter-output>
        </test-method> <!-- Beforetest -->
        <test-method signature="ContactsData(java.lang.String, java.lang.String, java.lang.String, java.lang.String, java.lang.String)[pri:0, instance:Com.FreeCRM.TestCases.ContactsPageTest@2177849e]" started-at="2019-11-09T02:48:09 EET" name="ContactsData" data-provider="TestData" finished-at="2019-11-09T02:48:09 EET" duration-ms="0" status="SKIP">
          <exception class="atu.testrecorder.exceptions.ATUTestRecorderException">
            <full-stacktrace>
              <![CDATA[[ATU Test Recorder Exception] line with format PCM_SIGNED 44100.0 Hz, 16 bit, mono, 2 bytes/frame, big-endian not supported.
at atu.testrecorder.ATUTestRecorder.start(ATUTestRecorder.java:376)
at Com.FreeCRM.TestCases.ContactsPageTest.Beforetest(ContactsPageTest.java:37)
at java.base/jdk.internal.reflect.NativeMethodAccessorImpl.invoke0(Native Method)
at java.base/jdk.internal.reflect.NativeMethodAccessorImpl.invoke(NativeMethodAccessorImpl.java:62)
at java.base/jdk.internal.reflect.DelegatingMethodAccessorImpl.invoke(DelegatingMethodAccessorImpl.java:43)
at java.base/java.lang.reflect.Method.invoke(Method.java:566)
at org.testng.internal.MethodInvocationHelper.invokeMethod(MethodInvocationHelper.java:133)
at org.testng.internal.MethodInvocationHelper.invokeMethodConsideringTimeout(MethodInvocationHelper.java:62)
at org.testng.internal.ConfigInvoker.invokeConfigurationMethod(ConfigInvoker.java:340)
at org.testng.internal.ConfigInvoker.invokeConfigurations(ConfigInvoker.java:294)
at org.testng.internal.TestInvoker.runConfigMethods(TestInvoker.java:683)
at org.testng.internal.TestInvoker.invokeMethod(TestInvoker.java:510)
at org.testng.internal.TestInvoker.invokeTestMethod(TestInvoker.java:172)
at org.testng.internal.MethodRunner.runInSequence(MethodRunner.java:46)
at org.testng.internal.TestInvoker$MethodInvocationAgent.invoke(TestInvoker.java:804)
at org.testng.internal.TestInvoker.invokeTestMethods(TestInvoker.java:145)
at org.testng.internal.TestMethodWorker.invokeTestMethods(TestMethodWorker.java:146)
at org.testng.internal.TestMethodWorker.run(TestMethodWorker.java:128)
at java.base/java.util.ArrayList.forEach(ArrayList.java:1540)
at org.testng.TestRunner.privateRun(TestRunner.java:770)
at org.testng.TestRunner.run(TestRunner.java:591)
at org.testng.SuiteRunner.runTest(SuiteRunner.java:402)
at org.testng.SuiteRunner.runSequentially(SuiteRunner.java:396)
at org.testng.SuiteRunner.privateRun(SuiteRunner.java:355)
at org.testng.SuiteRunner.run(SuiteRunner.java:304)
at org.testng.SuiteRunnerWorker.runSuite(SuiteRunnerWorker.java:53)
at org.testng.SuiteRunnerWorker.run(SuiteRunnerWorker.java:96)
at org.testng.TestNG.runSuitesSequentially(TestNG.java:1180)
at org.testng.TestNG.runSuitesLocally(TestNG.java:1102)
at org.testng.TestNG.runSuites(TestNG.java:1032)
at org.testng.TestNG.run(TestNG.java:1000)
at org.testng.remote.AbstractRemoteTestNG.run(AbstractRemoteTestNG.java:115)
at org.testng.remote.RemoteTestNG.initAndRun(RemoteTestNG.java:251)
at org.testng.remote.RemoteTestNG.main(RemoteTestNG.java:77)
]]>
            </full-stacktrace>
          </exception> <!-- atu.testrecorder.exceptions.ATUTestRecorderException -->
          <reporter-output>
          </reporter-output>
        </test-method> <!-- ContactsData -->
        <test-method is-config="true" signature="AfterTest(java.lang.reflect.Method)[pri:0, instance:Com.FreeCRM.TestCases.ContactsPageTest@2177849e]" started-at="2019-11-09T02:48:09 EET" name="AfterTest" finished-at="1970-01-01T02:00:00 EET" duration-ms="-1573260489094" status="SKIP">
          <reporter-output>
          </reporter-output>
        </test-method> <!-- AfterTest -->
        <test-method is-config="true" signature="Beforetest(java.lang.String, java.lang.reflect.Method)[pri:0, instance:Com.FreeCRM.TestCases.ContactsPageTest@2177849e]" started-at="2019-11-09T02:48:09 EET" name="Beforetest" finished-at="1970-01-01T02:00:00 EET" duration-ms="-1573260489099" status="SKIP">
          <reporter-output>
          </reporter-output>
        </test-method> <!-- Beforetest -->
        <test-method signature="ContactsData(java.lang.String, java.lang.String, java.lang.String, java.lang.String, java.lang.String)[pri:0, instance:Com.FreeCRM.TestCases.ContactsPageTest@2177849e]" started-at="2019-11-09T02:48:09 EET" name="ContactsData" data-provider="TestData" finished-at="2019-11-09T02:48:09 EET" duration-ms="0" status="SKIP">
          <exception class="atu.testrecorder.exceptions.ATUTestRecorderException">
            <full-stacktrace>
              <![CDATA[[ATU Test Recorder Exception] line with format PCM_SIGNED 44100.0 Hz, 16 bit, mono, 2 bytes/frame, big-endian not supported.
at atu.testrecorder.ATUTestRecorder.start(ATUTestRecorder.java:376)
at Com.FreeCRM.TestCases.ContactsPageTest.Beforetest(ContactsPageTest.java:37)
at java.base/jdk.internal.reflect.NativeMethodAccessorImpl.invoke0(Native Method)
at java.base/jdk.internal.reflect.NativeMethodAccessorImpl.invoke(NativeMethodAccessorImpl.java:62)
at java.base/jdk.internal.reflect.DelegatingMethodAccessorImpl.invoke(DelegatingMethodAccessorImpl.java:43)
at java.base/java.lang.reflect.Method.invoke(Method.java:566)
at org.testng.internal.MethodInvocationHelper.invokeMethod(MethodInvocationHelper.java:133)
at org.testng.internal.MethodInvocationHelper.invokeMethodConsideringTimeout(MethodInvocationHelper.java:62)
at org.testng.internal.ConfigInvoker.invokeConfigurationMethod(ConfigInvoker.java:340)
at org.testng.internal.ConfigInvoker.invokeConfigurations(ConfigInvoker.java:294)
at org.testng.internal.TestInvoker.runConfigMethods(TestInvoker.java:683)
at org.testng.internal.TestInvoker.invokeMethod(TestInvoker.java:510)
at org.testng.internal.TestInvoker.invokeTestMethod(TestInvoker.java:172)
at org.testng.internal.MethodRunner.runInSequence(MethodRunner.java:46)
at org.testng.internal.TestInvoker$MethodInvocationAgent.invoke(TestInvoker.java:804)
at org.testng.internal.TestInvoker.invokeTestMethods(TestInvoker.java:145)
at org.testng.internal.TestMethodWorker.invokeTestMethods(TestMethodWorker.java:146)
at org.testng.internal.TestMethodWorker.run(TestMethodWorker.java:128)
at java.base/java.util.ArrayList.forEach(ArrayList.java:1540)
at org.testng.TestRunner.privateRun(TestRunner.java:770)
at org.testng.TestRunner.run(TestRunner.java:591)
at org.testng.SuiteRunner.runTest(SuiteRunner.java:402)
at org.testng.SuiteRunner.runSequentially(SuiteRunner.java:396)
at org.testng.SuiteRunner.privateRun(SuiteRunner.java:355)
at org.testng.SuiteRunner.run(SuiteRunner.java:304)
at org.testng.SuiteRunnerWorker.runSuite(SuiteRunnerWorker.java:53)
at org.testng.SuiteRunnerWorker.run(SuiteRunnerWorker.java:96)
at org.testng.TestNG.runSuitesSequentially(TestNG.java:1180)
at org.testng.TestNG.runSuitesLocally(TestNG.java:1102)
at org.testng.TestNG.runSuites(TestNG.java:1032)
at org.testng.TestNG.run(TestNG.java:1000)
at org.testng.remote.AbstractRemoteTestNG.run(AbstractRemoteTestNG.java:115)
at org.testng.remote.RemoteTestNG.initAndRun(RemoteTestNG.java:251)
at org.testng.remote.RemoteTestNG.main(RemoteTestNG.java:77)
]]>
            </full-stacktrace>
          </exception> <!-- atu.testrecorder.exceptions.ATUTestRecorderException -->
          <reporter-output>
          </reporter-output>
        </test-method> <!-- ContactsData -->
        <test-method is-config="true" signature="AfterTest(java.lang.reflect.Method)[pri:0, instance:Com.FreeCRM.TestCases.ContactsPageTest@2177849e]" started-at="2019-11-09T02:48:09 EET" name="AfterTest" finished-at="1970-01-01T02:00:00 EET" duration-ms="-1573260489106" status="SKIP">
          <reporter-output>
          </reporter-output>
        </test-method> <!-- AfterTest -->
        <test-method is-config="true" signature="Beforetest(java.lang.String, java.lang.reflect.Method)[pri:0, instance:Com.FreeCRM.TestCases.ContactsPageTest@2177849e]" started-at="2019-11-09T02:48:09 EET" name="Beforetest" finished-at="1970-01-01T02:00:00 EET" duration-ms="-1573260489108" status="SKIP">
          <reporter-output>
          </reporter-output>
        </test-method> <!-- Beforetest -->
        <test-method signature="ContactsData(java.lang.String, java.lang.String, java.lang.String, java.lang.String, java.lang.String)[pri:0, instance:Com.FreeCRM.TestCases.ContactsPageTest@2177849e]" started-at="2019-11-09T02:48:09 EET" name="ContactsData" data-provider="TestData" finished-at="2019-11-09T02:48:09 EET" duration-ms="0" status="SKIP">
          <exception class="atu.testrecorder.exceptions.ATUTestRecorderException">
            <full-stacktrace>
              <![CDATA[[ATU Test Recorder Exception] line with format PCM_SIGNED 44100.0 Hz, 16 bit, mono, 2 bytes/frame, big-endian not supported.
at atu.testrecorder.ATUTestRecorder.start(ATUTestRecorder.java:376)
at Com.FreeCRM.TestCases.ContactsPageTest.Beforetest(ContactsPageTest.java:37)
at java.base/jdk.internal.reflect.NativeMethodAccessorImpl.invoke0(Native Method)
at java.base/jdk.internal.reflect.NativeMethodAccessorImpl.invoke(NativeMethodAccessorImpl.java:62)
at java.base/jdk.internal.reflect.DelegatingMethodAccessorImpl.invoke(DelegatingMethodAccessorImpl.java:43)
at java.base/java.lang.reflect.Method.invoke(Method.java:566)
at org.testng.internal.MethodInvocationHelper.invokeMethod(MethodInvocationHelper.java:133)
at org.testng.internal.MethodInvocationHelper.invokeMethodConsideringTimeout(MethodInvocationHelper.java:62)
at org.testng.internal.ConfigInvoker.invokeConfigurationMethod(ConfigInvoker.java:340)
at org.testng.internal.ConfigInvoker.invokeConfigurations(ConfigInvoker.java:294)
at org.testng.internal.TestInvoker.runConfigMethods(TestInvoker.java:683)
at org.testng.internal.TestInvoker.invokeMethod(TestInvoker.java:510)
at org.testng.internal.TestInvoker.invokeTestMethod(TestInvoker.java:172)
at org.testng.internal.MethodRunner.runInSequence(MethodRunner.java:46)
at org.testng.internal.TestInvoker$MethodInvocationAgent.invoke(TestInvoker.java:804)
at org.testng.internal.TestInvoker.invokeTestMethods(TestInvoker.java:145)
at org.testng.internal.TestMethodWorker.invokeTestMethods(TestMethodWorker.java:146)
at org.testng.internal.TestMethodWorker.run(TestMethodWorker.java:128)
at java.base/java.util.ArrayList.forEach(ArrayList.java:1540)
at org.testng.TestRunner.privateRun(TestRunner.java:770)
at org.testng.TestRunner.run(TestRunner.java:591)
at org.testng.SuiteRunner.runTest(SuiteRunner.java:402)
at org.testng.SuiteRunner.runSequentially(SuiteRunner.java:396)
at org.testng.SuiteRunner.privateRun(SuiteRunner.java:355)
at org.testng.SuiteRunner.run(SuiteRunner.java:304)
at org.testng.SuiteRunnerWorker.runSuite(SuiteRunnerWorker.java:53)
at org.testng.SuiteRunnerWorker.run(SuiteRunnerWorker.java:96)
at org.testng.TestNG.runSuitesSequentially(TestNG.java:1180)
at org.testng.TestNG.runSuitesLocally(TestNG.java:1102)
at org.testng.TestNG.runSuites(TestNG.java:1032)
at org.testng.TestNG.run(TestNG.java:1000)
at org.testng.remote.AbstractRemoteTestNG.run(AbstractRemoteTestNG.java:115)
at org.testng.remote.RemoteTestNG.initAndRun(RemoteTestNG.java:251)
at org.testng.remote.RemoteTestNG.main(RemoteTestNG.java:77)
]]>
            </full-stacktrace>
          </exception> <!-- atu.testrecorder.exceptions.ATUTestRecorderException -->
          <reporter-output>
          </reporter-output>
        </test-method> <!-- ContactsData -->
        <test-method is-config="true" signature="AfterTest(java.lang.reflect.Method)[pri:0, instance:Com.FreeCRM.TestCases.ContactsPageTest@2177849e]" started-at="2019-11-09T02:48:09 EET" name="AfterTest" finished-at="1970-01-01T02:00:00 EET" duration-ms="-1573260489112" status="SKIP">
          <reporter-output>
          </reporter-output>
        </test-method> <!-- AfterTest -->
        <test-method is-config="true" signature="Beforetest(java.lang.String, java.lang.reflect.Method)[pri:0, instance:Com.FreeCRM.TestCases.ContactsPageTest@2177849e]" started-at="2019-11-09T02:48:09 EET" name="Beforetest" finished-at="1970-01-01T02:00:00 EET" duration-ms="-1573260489113" status="SKIP">
          <reporter-output>
          </reporter-output>
        </test-method> <!-- Beforetest -->
        <test-method signature="ContactsData(java.lang.String, java.lang.String, java.lang.String, java.lang.String, java.lang.String)[pri:0, instance:Com.FreeCRM.TestCases.ContactsPageTest@2177849e]" started-at="2019-11-09T02:48:09 EET" name="ContactsData" data-provider="TestData" finished-at="2019-11-09T02:48:09 EET" duration-ms="0" status="SKIP">
          <exception class="atu.testrecorder.exceptions.ATUTestRecorderException">
            <full-stacktrace>
              <![CDATA[[ATU Test Recorder Exception] line with format PCM_SIGNED 44100.0 Hz, 16 bit, mono, 2 bytes/frame, big-endian not supported.
at atu.testrecorder.ATUTestRecorder.start(ATUTestRecorder.java:376)
at Com.FreeCRM.TestCases.ContactsPageTest.Beforetest(ContactsPageTest.java:37)
at java.base/jdk.internal.reflect.NativeMethodAccessorImpl.invoke0(Native Method)
at java.base/jdk.internal.reflect.NativeMethodAccessorImpl.invoke(NativeMethodAccessorImpl.java:62)
at java.base/jdk.internal.reflect.DelegatingMethodAccessorImpl.invoke(DelegatingMethodAccessorImpl.java:43)
at java.base/java.lang.reflect.Method.invoke(Method.java:566)
at org.testng.internal.MethodInvocationHelper.invokeMethod(MethodInvocationHelper.java:133)
at org.testng.internal.MethodInvocationHelper.invokeMethodConsideringTimeout(MethodInvocationHelper.java:62)
at org.testng.internal.ConfigInvoker.invokeConfigurationMethod(ConfigInvoker.java:340)
at org.testng.internal.ConfigInvoker.invokeConfigurations(ConfigInvoker.java:294)
at org.testng.internal.TestInvoker.runConfigMethods(TestInvoker.java:683)
at org.testng.internal.TestInvoker.invokeMethod(TestInvoker.java:510)
at org.testng.internal.TestInvoker.invokeTestMethod(TestInvoker.java:172)
at org.testng.internal.MethodRunner.runInSequence(MethodRunner.java:46)
at org.testng.internal.TestInvoker$MethodInvocationAgent.invoke(TestInvoker.java:804)
at org.testng.internal.TestInvoker.invokeTestMethods(TestInvoker.java:145)
at org.testng.internal.TestMethodWorker.invokeTestMethods(TestMethodWorker.java:146)
at org.testng.internal.TestMethodWorker.run(TestMethodWorker.java:128)
at java.base/java.util.ArrayList.forEach(ArrayList.java:1540)
at org.testng.TestRunner.privateRun(TestRunner.java:770)
at org.testng.TestRunner.run(TestRunner.java:591)
at org.testng.SuiteRunner.runTest(SuiteRunner.java:402)
at org.testng.SuiteRunner.runSequentially(SuiteRunner.java:396)
at org.testng.SuiteRunner.privateRun(SuiteRunner.java:355)
at org.testng.SuiteRunner.run(SuiteRunner.java:304)
at org.testng.SuiteRunnerWorker.runSuite(SuiteRunnerWorker.java:53)
at org.testng.SuiteRunnerWorker.run(SuiteRunnerWorker.java:96)
at org.testng.TestNG.runSuitesSequentially(TestNG.java:1180)
at org.testng.TestNG.runSuitesLocally(TestNG.java:1102)
at org.testng.TestNG.runSuites(TestNG.java:1032)
at org.testng.TestNG.run(TestNG.java:1000)
at org.testng.remote.AbstractRemoteTestNG.run(AbstractRemoteTestNG.java:115)
at org.testng.remote.RemoteTestNG.initAndRun(RemoteTestNG.java:251)
at org.testng.remote.RemoteTestNG.main(RemoteTestNG.java:77)
]]>
            </full-stacktrace>
          </exception> <!-- atu.testrecorder.exceptions.ATUTestRecorderException -->
          <reporter-output>
          </reporter-output>
        </test-method> <!-- ContactsData -->
        <test-method is-config="true" signature="AfterTest(java.lang.reflect.Method)[pri:0, instance:Com.FreeCRM.TestCases.ContactsPageTest@2177849e]" started-at="2019-11-09T02:48:09 EET" name="AfterTest" finished-at="1970-01-01T02:00:00 EET" duration-ms="-1573260489184" status="SKIP">
          <reporter-output>
          </reporter-output>
        </test-method> <!-- AfterTest -->
        <test-method is-config="true" signature="Beforetest(java.lang.String, java.lang.reflect.Method)[pri:0, instance:Com.FreeCRM.TestCases.ContactsPageTest@2177849e]" started-at="2019-11-09T02:48:09 EET" name="Beforetest" finished-at="1970-01-01T02:00:00 EET" duration-ms="-1573260489185" status="SKIP">
          <reporter-output>
          </reporter-output>
        </test-method> <!-- Beforetest -->
        <test-method signature="ContactsData(java.lang.String, java.lang.String, java.lang.String, java.lang.String, java.lang.String)[pri:0, instance:Com.FreeCRM.TestCases.ContactsPageTest@2177849e]" started-at="2019-11-09T02:48:09 EET" name="ContactsData" data-provider="TestData" finished-at="2019-11-09T02:48:09 EET" duration-ms="0" status="SKIP">
          <exception class="atu.testrecorder.exceptions.ATUTestRecorderException">
            <full-stacktrace>
              <![CDATA[[ATU Test Recorder Exception] line with format PCM_SIGNED 44100.0 Hz, 16 bit, mono, 2 bytes/frame, big-endian not supported.
at atu.testrecorder.ATUTestRecorder.start(ATUTestRecorder.java:376)
at Com.FreeCRM.TestCases.ContactsPageTest.Beforetest(ContactsPageTest.java:37)
at java.base/jdk.internal.reflect.NativeMethodAccessorImpl.invoke0(Native Method)
at java.base/jdk.internal.reflect.NativeMethodAccessorImpl.invoke(NativeMethodAccessorImpl.java:62)
at java.base/jdk.internal.reflect.DelegatingMethodAccessorImpl.invoke(DelegatingMethodAccessorImpl.java:43)
at java.base/java.lang.reflect.Method.invoke(Method.java:566)
at org.testng.internal.MethodInvocationHelper.invokeMethod(MethodInvocationHelper.java:133)
at org.testng.internal.MethodInvocationHelper.invokeMethodConsideringTimeout(MethodInvocationHelper.java:62)
at org.testng.internal.ConfigInvoker.invokeConfigurationMethod(ConfigInvoker.java:340)
at org.testng.internal.ConfigInvoker.invokeConfigurations(ConfigInvoker.java:294)
at org.testng.internal.TestInvoker.runConfigMethods(TestInvoker.java:683)
at org.testng.internal.TestInvoker.invokeMethod(TestInvoker.java:510)
at org.testng.internal.TestInvoker.invokeTestMethod(TestInvoker.java:172)
at org.testng.internal.MethodRunner.runInSequence(MethodRunner.java:46)
at org.testng.internal.TestInvoker$MethodInvocationAgent.invoke(TestInvoker.java:804)
at org.testng.internal.TestInvoker.invokeTestMethods(TestInvoker.java:145)
at org.testng.internal.TestMethodWorker.invokeTestMethods(TestMethodWorker.java:146)
at org.testng.internal.TestMethodWorker.run(TestMethodWorker.java:128)
at java.base/java.util.ArrayList.forEach(ArrayList.java:1540)
at org.testng.TestRunner.privateRun(TestRunner.java:770)
at org.testng.TestRunner.run(TestRunner.java:591)
at org.testng.SuiteRunner.runTest(SuiteRunner.java:402)
at org.testng.SuiteRunner.runSequentially(SuiteRunner.java:396)
at org.testng.SuiteRunner.privateRun(SuiteRunner.java:355)
at org.testng.SuiteRunner.run(SuiteRunner.java:304)
at org.testng.SuiteRunnerWorker.runSuite(SuiteRunnerWorker.java:53)
at org.testng.SuiteRunnerWorker.run(SuiteRunnerWorker.java:96)
at org.testng.TestNG.runSuitesSequentially(TestNG.java:1180)
at org.testng.TestNG.runSuitesLocally(TestNG.java:1102)
at org.testng.TestNG.runSuites(TestNG.java:1032)
at org.testng.TestNG.run(TestNG.java:1000)
at org.testng.remote.AbstractRemoteTestNG.run(AbstractRemoteTestNG.java:115)
at org.testng.remote.RemoteTestNG.initAndRun(RemoteTestNG.java:251)
at org.testng.remote.RemoteTestNG.main(RemoteTestNG.java:77)
]]>
            </full-stacktrace>
          </exception> <!-- atu.testrecorder.exceptions.ATUTestRecorderException -->
          <reporter-output>
          </reporter-output>
        </test-method> <!-- ContactsData -->
        <test-method is-config="true" signature="AfterTest(java.lang.reflect.Method)[pri:0, instance:Com.FreeCRM.TestCases.ContactsPageTest@2177849e]" started-at="2019-11-09T02:48:09 EET" name="AfterTest" finished-at="1970-01-01T02:00:00 EET" duration-ms="-1573260489267" status="SKIP">
          <reporter-output>
          </reporter-output>
        </test-method> <!-- AfterTest -->
        <test-method is-config="true" signature="Beforetest(java.lang.String, java.lang.reflect.Method)[pri:0, instance:Com.FreeCRM.TestCases.ContactsPageTest@2177849e]" started-at="2019-11-09T02:48:09 EET" name="Beforetest" finished-at="1970-01-01T02:00:00 EET" duration-ms="-1573260489269" status="SKIP">
          <reporter-output>
          </reporter-output>
        </test-method> <!-- Beforetest -->
        <test-method signature="ContactsData(java.lang.String, java.lang.String, java.lang.String, java.lang.String, java.lang.String)[pri:0, instance:Com.FreeCRM.TestCases.ContactsPageTest@2177849e]" started-at="2019-11-09T02:48:09 EET" name="ContactsData" data-provider="TestData" finished-at="2019-11-09T02:48:09 EET" duration-ms="0" status="SKIP">
          <exception class="atu.testrecorder.exceptions.ATUTestRecorderException">
            <full-stacktrace>
              <![CDATA[[ATU Test Recorder Exception] line with format PCM_SIGNED 44100.0 Hz, 16 bit, mono, 2 bytes/frame, big-endian not supported.
at atu.testrecorder.ATUTestRecorder.start(ATUTestRecorder.java:376)
at Com.FreeCRM.TestCases.ContactsPageTest.Beforetest(ContactsPageTest.java:37)
at java.base/jdk.internal.reflect.NativeMethodAccessorImpl.invoke0(Native Method)
at java.base/jdk.internal.reflect.NativeMethodAccessorImpl.invoke(NativeMethodAccessorImpl.java:62)
at java.base/jdk.internal.reflect.DelegatingMethodAccessorImpl.invoke(DelegatingMethodAccessorImpl.java:43)
at java.base/java.lang.reflect.Method.invoke(Method.java:566)
at org.testng.internal.MethodInvocationHelper.invokeMethod(MethodInvocationHelper.java:133)
at org.testng.internal.MethodInvocationHelper.invokeMethodConsideringTimeout(MethodInvocationHelper.java:62)
at org.testng.internal.ConfigInvoker.invokeConfigurationMethod(ConfigInvoker.java:340)
at org.testng.internal.ConfigInvoker.invokeConfigurations(ConfigInvoker.java:294)
at org.testng.internal.TestInvoker.runConfigMethods(TestInvoker.java:683)
at org.testng.internal.TestInvoker.invokeMethod(TestInvoker.java:510)
at org.testng.internal.TestInvoker.invokeTestMethod(TestInvoker.java:172)
at org.testng.internal.MethodRunner.runInSequence(MethodRunner.java:46)
at org.testng.internal.TestInvoker$MethodInvocationAgent.invoke(TestInvoker.java:804)
at org.testng.internal.TestInvoker.invokeTestMethods(TestInvoker.java:145)
at org.testng.internal.TestMethodWorker.invokeTestMethods(TestMethodWorker.java:146)
at org.testng.internal.TestMethodWorker.run(TestMethodWorker.java:128)
at java.base/java.util.ArrayList.forEach(ArrayList.java:1540)
at org.testng.TestRunner.privateRun(TestRunner.java:770)
at org.testng.TestRunner.run(TestRunner.java:591)
at org.testng.SuiteRunner.runTest(SuiteRunner.java:402)
at org.testng.SuiteRunner.runSequentially(SuiteRunner.java:396)
at org.testng.SuiteRunner.privateRun(SuiteRunner.java:355)
at org.testng.SuiteRunner.run(SuiteRunner.java:304)
at org.testng.SuiteRunnerWorker.runSuite(SuiteRunnerWorker.java:53)
at org.testng.SuiteRunnerWorker.run(SuiteRunnerWorker.java:96)
at org.testng.TestNG.runSuitesSequentially(TestNG.java:1180)
at org.testng.TestNG.runSuitesLocally(TestNG.java:1102)
at org.testng.TestNG.runSuites(TestNG.java:1032)
at org.testng.TestNG.run(TestNG.java:1000)
at org.testng.remote.AbstractRemoteTestNG.run(AbstractRemoteTestNG.java:115)
at org.testng.remote.RemoteTestNG.initAndRun(RemoteTestNG.java:251)
at org.testng.remote.RemoteTestNG.main(RemoteTestNG.java:77)
]]>
            </full-stacktrace>
          </exception> <!-- atu.testrecorder.exceptions.ATUTestRecorderException -->
          <reporter-output>
          </reporter-output>
        </test-method> <!-- ContactsData -->
        <test-method is-config="true" signature="AfterTest(java.lang.reflect.Method)[pri:0, instance:Com.FreeCRM.TestCases.ContactsPageTest@2177849e]" started-at="2019-11-09T02:48:09 EET" name="AfterTest" finished-at="1970-01-01T02:00:00 EET" duration-ms="-1573260489274" status="SKIP">
          <reporter-output>
          </reporter-output>
        </test-method> <!-- AfterTest -->
        <test-method is-config="true" signature="Beforetest(java.lang.String, java.lang.reflect.Method)[pri:0, instance:Com.FreeCRM.TestCases.ContactsPageTest@2177849e]" started-at="2019-11-09T02:48:09 EET" name="Beforetest" finished-at="1970-01-01T02:00:00 EET" duration-ms="-1573260489276" status="SKIP">
          <reporter-output>
          </reporter-output>
        </test-method> <!-- Beforetest -->
        <test-method signature="ContactsData(java.lang.String, java.lang.String, java.lang.String, java.lang.String, java.lang.String)[pri:0, instance:Com.FreeCRM.TestCases.ContactsPageTest@2177849e]" started-at="2019-11-09T02:48:09 EET" name="ContactsData" data-provider="TestData" finished-at="2019-11-09T02:48:09 EET" duration-ms="0" status="SKIP">
          <exception class="atu.testrecorder.exceptions.ATUTestRecorderException">
            <full-stacktrace>
              <![CDATA[[ATU Test Recorder Exception] line with format PCM_SIGNED 44100.0 Hz, 16 bit, mono, 2 bytes/frame, big-endian not supported.
at atu.testrecorder.ATUTestRecorder.start(ATUTestRecorder.java:376)
at Com.FreeCRM.TestCases.ContactsPageTest.Beforetest(ContactsPageTest.java:37)
at java.base/jdk.internal.reflect.NativeMethodAccessorImpl.invoke0(Native Method)
at java.base/jdk.internal.reflect.NativeMethodAccessorImpl.invoke(NativeMethodAccessorImpl.java:62)
at java.base/jdk.internal.reflect.DelegatingMethodAccessorImpl.invoke(DelegatingMethodAccessorImpl.java:43)
at java.base/java.lang.reflect.Method.invoke(Method.java:566)
at org.testng.internal.MethodInvocationHelper.invokeMethod(MethodInvocationHelper.java:133)
at org.testng.internal.MethodInvocationHelper.invokeMethodConsideringTimeout(MethodInvocationHelper.java:62)
at org.testng.internal.ConfigInvoker.invokeConfigurationMethod(ConfigInvoker.java:340)
at org.testng.internal.ConfigInvoker.invokeConfigurations(ConfigInvoker.java:294)
at org.testng.internal.TestInvoker.runConfigMethods(TestInvoker.java:683)
at org.testng.internal.TestInvoker.invokeMethod(TestInvoker.java:510)
at org.testng.internal.TestInvoker.invokeTestMethod(TestInvoker.java:172)
at org.testng.internal.MethodRunner.runInSequence(MethodRunner.java:46)
at org.testng.internal.TestInvoker$MethodInvocationAgent.invoke(TestInvoker.java:804)
at org.testng.internal.TestInvoker.invokeTestMethods(TestInvoker.java:145)
at org.testng.internal.TestMethodWorker.invokeTestMethods(TestMethodWorker.java:146)
at org.testng.internal.TestMethodWorker.run(TestMethodWorker.java:128)
at java.base/java.util.ArrayList.forEach(ArrayList.java:1540)
at org.testng.TestRunner.privateRun(TestRunner.java:770)
at org.testng.TestRunner.run(TestRunner.java:591)
at org.testng.SuiteRunner.runTest(SuiteRunner.java:402)
at org.testng.SuiteRunner.runSequentially(SuiteRunner.java:396)
at org.testng.SuiteRunner.privateRun(SuiteRunner.java:355)
at org.testng.SuiteRunner.run(SuiteRunner.java:304)
at org.testng.SuiteRunnerWorker.runSuite(SuiteRunnerWorker.java:53)
at org.testng.SuiteRunnerWorker.run(SuiteRunnerWorker.java:96)
at org.testng.TestNG.runSuitesSequentially(TestNG.java:1180)
at org.testng.TestNG.runSuitesLocally(TestNG.java:1102)
at org.testng.TestNG.runSuites(TestNG.java:1032)
at org.testng.TestNG.run(TestNG.java:1000)
at org.testng.remote.AbstractRemoteTestNG.run(AbstractRemoteTestNG.java:115)
at org.testng.remote.RemoteTestNG.initAndRun(RemoteTestNG.java:251)
at org.testng.remote.RemoteTestNG.main(RemoteTestNG.java:77)
]]>
            </full-stacktrace>
          </exception> <!-- atu.testrecorder.exceptions.ATUTestRecorderException -->
          <reporter-output>
          </reporter-output>
        </test-method> <!-- ContactsData -->
        <test-method is-config="true" signature="AfterTest(java.lang.reflect.Method)[pri:0, instance:Com.FreeCRM.TestCases.ContactsPageTest@2177849e]" started-at="2019-11-09T02:48:09 EET" name="AfterTest" finished-at="1970-01-01T02:00:00 EET" duration-ms="-1573260489296" status="SKIP">
          <reporter-output>
          </reporter-output>
        </test-method> <!-- AfterTest -->
        <test-method is-config="true" signature="Beforetest(java.lang.String, java.lang.reflect.Method)[pri:0, instance:Com.FreeCRM.TestCases.ContactsPageTest@2177849e]" started-at="2019-11-09T02:48:09 EET" name="Beforetest" finished-at="1970-01-01T02:00:00 EET" duration-ms="-1573260489297" status="SKIP">
          <reporter-output>
          </reporter-output>
        </test-method> <!-- Beforetest -->
        <test-method signature="ContactsData(java.lang.String, java.lang.String, java.lang.String, java.lang.String, java.lang.String)[pri:0, instance:Com.FreeCRM.TestCases.ContactsPageTest@2177849e]" started-at="2019-11-09T02:48:09 EET" name="ContactsData" data-provider="TestData" finished-at="2019-11-09T02:48:09 EET" duration-ms="0" status="SKIP">
          <exception class="atu.testrecorder.exceptions.ATUTestRecorderException">
            <full-stacktrace>
              <![CDATA[[ATU Test Recorder Exception] line with format PCM_SIGNED 44100.0 Hz, 16 bit, mono, 2 bytes/frame, big-endian not supported.
at atu.testrecorder.ATUTestRecorder.start(ATUTestRecorder.java:376)
at Com.FreeCRM.TestCases.ContactsPageTest.Beforetest(ContactsPageTest.java:37)
at java.base/jdk.internal.reflect.NativeMethodAccessorImpl.invoke0(Native Method)
at java.base/jdk.internal.reflect.NativeMethodAccessorImpl.invoke(NativeMethodAccessorImpl.java:62)
at java.base/jdk.internal.reflect.DelegatingMethodAccessorImpl.invoke(DelegatingMethodAccessorImpl.java:43)
at java.base/java.lang.reflect.Method.invoke(Method.java:566)
at org.testng.internal.MethodInvocationHelper.invokeMethod(MethodInvocationHelper.java:133)
at org.testng.internal.MethodInvocationHelper.invokeMethodConsideringTimeout(MethodInvocationHelper.java:62)
at org.testng.internal.ConfigInvoker.invokeConfigurationMethod(ConfigInvoker.java:340)
at org.testng.internal.ConfigInvoker.invokeConfigurations(ConfigInvoker.java:294)
at org.testng.internal.TestInvoker.runConfigMethods(TestInvoker.java:683)
at org.testng.internal.TestInvoker.invokeMethod(TestInvoker.java:510)
at org.testng.internal.TestInvoker.invokeTestMethod(TestInvoker.java:172)
at org.testng.internal.MethodRunner.runInSequence(MethodRunner.java:46)
at org.testng.internal.TestInvoker$MethodInvocationAgent.invoke(TestInvoker.java:804)
at org.testng.internal.TestInvoker.invokeTestMethods(TestInvoker.java:145)
at org.testng.internal.TestMethodWorker.invokeTestMethods(TestMethodWorker.java:146)
at org.testng.internal.TestMethodWorker.run(TestMethodWorker.java:128)
at java.base/java.util.ArrayList.forEach(ArrayList.java:1540)
at org.testng.TestRunner.privateRun(TestRunner.java:770)
at org.testng.TestRunner.run(TestRunner.java:591)
at org.testng.SuiteRunner.runTest(SuiteRunner.java:402)
at org.testng.SuiteRunner.runSequentially(SuiteRunner.java:396)
at org.testng.SuiteRunner.privateRun(SuiteRunner.java:355)
at org.testng.SuiteRunner.run(SuiteRunner.java:304)
at org.testng.SuiteRunnerWorker.runSuite(SuiteRunnerWorker.java:53)
at org.testng.SuiteRunnerWorker.run(SuiteRunnerWorker.java:96)
at org.testng.TestNG.runSuitesSequentially(TestNG.java:1180)
at org.testng.TestNG.runSuitesLocally(TestNG.java:1102)
at org.testng.TestNG.runSuites(TestNG.java:1032)
at org.testng.TestNG.run(TestNG.java:1000)
at org.testng.remote.AbstractRemoteTestNG.run(AbstractRemoteTestNG.java:115)
at org.testng.remote.RemoteTestNG.initAndRun(RemoteTestNG.java:251)
at org.testng.remote.RemoteTestNG.main(RemoteTestNG.java:77)
]]>
            </full-stacktrace>
          </exception> <!-- atu.testrecorder.exceptions.ATUTestRecorderException -->
          <reporter-output>
          </reporter-output>
        </test-method> <!-- ContactsData -->
        <test-method is-config="true" signature="AfterTest(java.lang.reflect.Method)[pri:0, instance:Com.FreeCRM.TestCases.ContactsPageTest@2177849e]" started-at="2019-11-09T02:48:09 EET" name="AfterTest" finished-at="1970-01-01T02:00:00 EET" duration-ms="-1573260489301" status="SKIP">
          <reporter-output>
          </reporter-output>
        </test-method> <!-- AfterTest -->
        <test-method is-config="true" signature="Beforetest(java.lang.String, java.lang.reflect.Method)[pri:0, instance:Com.FreeCRM.TestCases.ContactsPageTest@2177849e]" started-at="2019-11-09T02:48:09 EET" name="Beforetest" finished-at="1970-01-01T02:00:00 EET" duration-ms="-1573260489315" status="SKIP">
          <reporter-output>
          </reporter-output>
        </test-method> <!-- Beforetest -->
        <test-method signature="ContactsData(java.lang.String, java.lang.String, java.lang.String, java.lang.String, java.lang.String)[pri:0, instance:Com.FreeCRM.TestCases.ContactsPageTest@2177849e]" started-at="2019-11-09T02:48:09 EET" name="ContactsData" data-provider="TestData" finished-at="2019-11-09T02:48:09 EET" duration-ms="0" status="SKIP">
          <exception class="atu.testrecorder.exceptions.ATUTestRecorderException">
            <full-stacktrace>
              <![CDATA[[ATU Test Recorder Exception] line with format PCM_SIGNED 44100.0 Hz, 16 bit, mono, 2 bytes/frame, big-endian not supported.
at atu.testrecorder.ATUTestRecorder.start(ATUTestRecorder.java:376)
at Com.FreeCRM.TestCases.ContactsPageTest.Beforetest(ContactsPageTest.java:37)
at java.base/jdk.internal.reflect.NativeMethodAccessorImpl.invoke0(Native Method)
at java.base/jdk.internal.reflect.NativeMethodAccessorImpl.invoke(NativeMethodAccessorImpl.java:62)
at java.base/jdk.internal.reflect.DelegatingMethodAccessorImpl.invoke(DelegatingMethodAccessorImpl.java:43)
at java.base/java.lang.reflect.Method.invoke(Method.java:566)
at org.testng.internal.MethodInvocationHelper.invokeMethod(MethodInvocationHelper.java:133)
at org.testng.internal.MethodInvocationHelper.invokeMethodConsideringTimeout(MethodInvocationHelper.java:62)
at org.testng.internal.ConfigInvoker.invokeConfigurationMethod(ConfigInvoker.java:340)
at org.testng.internal.ConfigInvoker.invokeConfigurations(ConfigInvoker.java:294)
at org.testng.internal.TestInvoker.runConfigMethods(TestInvoker.java:683)
at org.testng.internal.TestInvoker.invokeMethod(TestInvoker.java:510)
at org.testng.internal.TestInvoker.invokeTestMethod(TestInvoker.java:172)
at org.testng.internal.MethodRunner.runInSequence(MethodRunner.java:46)
at org.testng.internal.TestInvoker$MethodInvocationAgent.invoke(TestInvoker.java:804)
at org.testng.internal.TestInvoker.invokeTestMethods(TestInvoker.java:145)
at org.testng.internal.TestMethodWorker.invokeTestMethods(TestMethodWorker.java:146)
at org.testng.internal.TestMethodWorker.run(TestMethodWorker.java:128)
at java.base/java.util.ArrayList.forEach(ArrayList.java:1540)
at org.testng.TestRunner.privateRun(TestRunner.java:770)
at org.testng.TestRunner.run(TestRunner.java:591)
at org.testng.SuiteRunner.runTest(SuiteRunner.java:402)
at org.testng.SuiteRunner.runSequentially(SuiteRunner.java:396)
at org.testng.SuiteRunner.privateRun(SuiteRunner.java:355)
at org.testng.SuiteRunner.run(SuiteRunner.java:304)
at org.testng.SuiteRunnerWorker.runSuite(SuiteRunnerWorker.java:53)
at org.testng.SuiteRunnerWorker.run(SuiteRunnerWorker.java:96)
at org.testng.TestNG.runSuitesSequentially(TestNG.java:1180)
at org.testng.TestNG.runSuitesLocally(TestNG.java:1102)
at org.testng.TestNG.runSuites(TestNG.java:1032)
at org.testng.TestNG.run(TestNG.java:1000)
at org.testng.remote.AbstractRemoteTestNG.run(AbstractRemoteTestNG.java:115)
at org.testng.remote.RemoteTestNG.initAndRun(RemoteTestNG.java:251)
at org.testng.remote.RemoteTestNG.main(RemoteTestNG.java:77)
]]>
            </full-stacktrace>
          </exception> <!-- atu.testrecorder.exceptions.ATUTestRecorderException -->
          <reporter-output>
          </reporter-output>
        </test-method> <!-- ContactsData -->
        <test-method is-config="true" signature="AfterTest(java.lang.reflect.Method)[pri:0, instance:Com.FreeCRM.TestCases.ContactsPageTest@2177849e]" started-at="2019-11-09T02:48:09 EET" name="AfterTest" finished-at="1970-01-01T02:00:00 EET" duration-ms="-1573260489319" status="SKIP">
          <reporter-output>
          </reporter-output>
        </test-method> <!-- AfterTest -->
        <test-method is-config="true" signature="Beforetest(java.lang.String, java.lang.reflect.Method)[pri:0, instance:Com.FreeCRM.TestCases.ContactsPageTest@2177849e]" started-at="2019-11-09T02:48:09 EET" name="Beforetest" finished-at="1970-01-01T02:00:00 EET" duration-ms="-1573260489320" status="SKIP">
          <reporter-output>
          </reporter-output>
        </test-method> <!-- Beforetest -->
        <test-method signature="ContactsData(java.lang.String, java.lang.String, java.lang.String, java.lang.String, java.lang.String)[pri:0, instance:Com.FreeCRM.TestCases.ContactsPageTest@2177849e]" started-at="2019-11-09T02:48:09 EET" name="ContactsData" data-provider="TestData" finished-at="2019-11-09T02:48:09 EET" duration-ms="0" status="SKIP">
          <exception class="atu.testrecorder.exceptions.ATUTestRecorderException">
            <full-stacktrace>
              <![CDATA[[ATU Test Recorder Exception] line with format PCM_SIGNED 44100.0 Hz, 16 bit, mono, 2 bytes/frame, big-endian not supported.
at atu.testrecorder.ATUTestRecorder.start(ATUTestRecorder.java:376)
at Com.FreeCRM.TestCases.ContactsPageTest.Beforetest(ContactsPageTest.java:37)
at java.base/jdk.internal.reflect.NativeMethodAccessorImpl.invoke0(Native Method)
at java.base/jdk.internal.reflect.NativeMethodAccessorImpl.invoke(NativeMethodAccessorImpl.java:62)
at java.base/jdk.internal.reflect.DelegatingMethodAccessorImpl.invoke(DelegatingMethodAccessorImpl.java:43)
at java.base/java.lang.reflect.Method.invoke(Method.java:566)
at org.testng.internal.MethodInvocationHelper.invokeMethod(MethodInvocationHelper.java:133)
at org.testng.internal.MethodInvocationHelper.invokeMethodConsideringTimeout(MethodInvocationHelper.java:62)
at org.testng.internal.ConfigInvoker.invokeConfigurationMethod(ConfigInvoker.java:340)
at org.testng.internal.ConfigInvoker.invokeConfigurations(ConfigInvoker.java:294)
at org.testng.internal.TestInvoker.runConfigMethods(TestInvoker.java:683)
at org.testng.internal.TestInvoker.invokeMethod(TestInvoker.java:510)
at org.testng.internal.TestInvoker.invokeTestMethod(TestInvoker.java:172)
at org.testng.internal.MethodRunner.runInSequence(MethodRunner.java:46)
at org.testng.internal.TestInvoker$MethodInvocationAgent.invoke(TestInvoker.java:804)
[...]
          <params>
            <param index="0">
              <value>
                <![CDATA[public void Com.FreeCRM.TestCases.LoginPageTest.LoginTest(java.lang.reflect.Method) throws java.io.IOException]]>
              </value>
            </param>
          </params>
          <reporter-output>
          </reporter-output>
        </test-method> <!-- LoginTest -->
        <test-method is-config="true" signature="AfterTest(java.lang.reflect.Method)[pri:0, instance:Com.FreeCRM.TestCases.LoginPageTest@52102734]" started-at="2019-11-09T02:46:45 EET" name="AfterTest" finished-at="2019-11-09T02:46:50 EET" duration-ms="4233" status="PASS">
          <params>
            <param index="0">
              <value>
                <![CDATA[public void Com.FreeCRM.TestCases.LoginPageTest.LoginTest(java.lang.reflect.Method) throws java.io.IOException]]>
              </value>
            </param>
          </params>
          <reporter-output>
          </reporter-output>
        </test-method> <!-- AfterTest -->
        <test-method is-config="true" signature="PreConditionSetup(java.lang.String, java.lang.reflect.Method)[pri:0, instance:Com.FreeCRM.TestCases.LoginPageTest@52102734]" started-at="2019-11-09T02:46:50 EET" name="PreConditionSetup" finished-at="2019-11-09T02:47:03 EET" duration-ms="13166" status="PASS">
          <params>
            <param index="0">
              <value>
                <![CDATA[chrome]]>
              </value>
            </param>
            <param index="1">
              <value>
                <![CDATA[public void Com.FreeCRM.TestCases.LoginPageTest.URLcheck(java.lang.reflect.Method) throws java.io.IOException]]>
              </value>
            </param>
          </params>
          <reporter-output>
          </reporter-output>
        </test-method> <!-- PreConditionSetup -->
        <test-method signature="URLcheck(java.lang.reflect.Method)[pri:4, instance:Com.FreeCRM.TestCases.LoginPageTest@52102734]" started-at="2019-11-09T02:47:03 EET" name="URLcheck" finished-at="2019-11-09T02:47:03 EET" duration-ms="115" status="PASS">
          <params>
            <param index="0">
              <value>
                <![CDATA[public void Com.FreeCRM.TestCases.LoginPageTest.URLcheck(java.lang.reflect.Method) throws java.io.IOException]]>
              </value>
            </param>
          </params>
          <reporter-output>
          </reporter-output>
        </test-method> <!-- URLcheck -->
        <test-method is-config="true" signature="AfterTest(java.lang.reflect.Method)[pri:0, instance:Com.FreeCRM.TestCases.LoginPageTest@52102734]" started-at="2019-11-09T02:47:03 EET" name="AfterTest" finished-at="2019-11-09T02:47:07 EET" duration-ms="3977" status="PASS">
          <params>
            <param index="0">
              <value>
                <![CDATA[public void Com.FreeCRM.TestCases.LoginPageTest.URLcheck(java.lang.reflect.Method) throws java.io.IOException]]>
              </value>
            </param>
          </params>
          <reporter-output>
          </reporter-output>
        </test-method> <!-- AfterTest -->
      </class> <!-- Com.FreeCRM.TestCases.LoginPageTest -->
      <class name="Com.FreeCRM.TestCases.HomePageTest">
        <test-method is-config="true" signature="PreConditionSetup(java.lang.String, java.lang.reflect.Method)[pri:0, instance:Com.FreeCRM.TestCases.HomePageTest@3541cb24]" started-at="2019-11-09T02:47:07 EET" name="PreConditionSetup" finished-at="2019-11-09T02:47:35 EET" duration-ms="28296" status="PASS">
          <params>
            <param index="0">
              <value>
                <![CDATA[chrome]]>
              </value>
            </param>
            <param index="1">
              <value>
                <![CDATA[public void Com.FreeCRM.TestCases.HomePageTest.ClickOnContactsTest() throws java.io.IOException]]>
              </value>
            </param>
          </params>
          <reporter-output>
          </reporter-output>
        </test-method> <!-- PreConditionSetup -->
        <test-method signature="ClickOnContactsTest()[pri:5, instance:Com.FreeCRM.TestCases.HomePageTest@3541cb24]" started-at="2019-11-09T02:47:35 EET" name="ClickOnContactsTest" finished-at="2019-11-09T02:47:38 EET" duration-ms="3169" status="PASS">
          <reporter-output>
          </reporter-output>
        </test-method> <!-- ClickOnContactsTest -->
        <test-method is-config="true" signature="AfterTest(java.lang.reflect.Method)[pri:0, instance:Com.FreeCRM.TestCases.HomePageTest@3541cb24]" started-at="2019-11-09T02:47:38 EET" name="AfterTest" finished-at="2019-11-09T02:47:42 EET" duration-ms="3687" status="FAIL">
          <params>
            <param index="0">
              <value>
                <![CDATA[public void Com.FreeCRM.TestCases.HomePageTest.ClickOnContactsTest() throws java.io.IOException]]>
              </value>
            </param>
          </params>
          <exception class="java.lang.NullPointerException">
            <full-stacktrace>
              <![CDATA[java.lang.NullPointerException
at atu.testrecorder.ATUTestRecorder.stop(ATUTestRecorder.java:441)
at Com.FreeCRM.TestCases.HomePageTest.AfterTest(HomePageTest.java:43)
at java.base/jdk.internal.reflect.NativeMethodAccessorImpl.invoke0(Native Method)
at java.base/jdk.internal.reflect.NativeMethodAccessorImpl.invoke(NativeMethodAccessorImpl.java:62)
at java.base/jdk.internal.reflect.DelegatingMethodAccessorImpl.invoke(DelegatingMethodAccessorImpl.java:43)
at java.base/java.lang.reflect.Method.invoke(Method.java:566)
at org.testng.internal.MethodInvocationHelper.invokeMethod(MethodInvocationHelper.java:133)
at org.testng.internal.MethodInvocationHelper.invokeMethodConsideringTimeout(MethodInvocationHelper.java:62)
at org.testng.internal.ConfigInvoker.invokeConfigurationMethod(ConfigInvoker.java:340)
at org.testng.internal.ConfigInvoker.invokeConfigurations(ConfigInvoker.java:294)
at org.testng.internal.TestInvoker.runConfigMethods(TestInvoker.java:683)
at org.testng.internal.TestInvoker.runAfterGroupsConfigurations(TestInvoker.java:658)
at org.testng.internal.TestInvoker.invokeMethod(TestInvoker.java:642)
at org.testng.internal.TestInvoker.invokeTestMethod(TestInvoker.java:172)
at org.testng.internal.MethodRunner.runInSequence(MethodRunner.java:46)
at org.testng.internal.TestInvoker$MethodInvocationAgent.invoke(TestInvoker.java:804)
at org.testng.internal.TestInvoker.invokeTestMethods(TestInvoker.java:145)
at org.testng.internal.TestMethodWorker.invokeTestMethods(TestMethodWorker.java:146)
at org.testng.internal.TestMethodWorker.run(TestMethodWorker.java:128)
at java.base/java.util.ArrayList.forEach(ArrayList.java:1540)
at org.testng.TestRunner.privateRun(TestRunner.java:770)
at org.testng.TestRunner.run(TestRunner.java:591)
at org.testng.SuiteRunner.runTest(SuiteRunner.java:402)
at org.testng.SuiteRunner.runSequentially(SuiteRunner.java:396)
at org.testng.SuiteRunner.privateRun(SuiteRunner.java:355)
at org.testng.SuiteRunner.run(SuiteRunner.java:304)
at org.testng.SuiteRunnerWorker.runSuite(SuiteRunnerWorker.java:53)
at org.testng.SuiteRunnerWorker.run(SuiteRunnerWorker.java:96)
at org.testng.TestNG.runSuitesSequentially(TestNG.java:1180)
at org.testng.TestNG.runSuitesLocally(TestNG.java:1102)
at org.testng.TestNG.runSuites(TestNG.java:1032)
at org.testng.TestNG.run(TestNG.java:1000)
at org.testng.remote.AbstractRemoteTestNG.run(AbstractRemoteTestNG.java:115)
at org.testng.remote.RemoteTestNG.initAndRun(RemoteTestNG.java:251)
at org.testng.remote.RemoteTestNG.main(RemoteTestNG.java:77)
]]>
            </full-stacktrace>
          </exception> <!-- java.lang.NullPointerException -->
          <reporter-output>
          </reporter-output>
        </test-method> <!-- AfterTest -->
        <test-method is-config="true" signature="PreConditionSetup(java.lang.String, java.lang.reflect.Method)[pri:0, instance:Com.FreeCRM.TestCases.HomePageTest@3541cb24]" started-at="2019-11-09T02:47:42 EET" name="PreConditionSetup" finished-at="1970-01-01T02:00:00 EET" duration-ms="-1573260462554" status="SKIP">
          <reporter-output>
          </reporter-output>
        </test-method> <!-- PreConditionSetup -->
        <test-method signature="TaskesButton()[pri:6, instance:Com.FreeCRM.TestCases.HomePageTest@3541cb24]" started-at="2019-11-09T02:47:42 EET" name="TaskesButton" finished-at="2019-11-09T02:47:42 EET" duration-ms="0" status="SKIP">
          <exception class="java.lang.NullPointerException">
            <full-stacktrace>
              <![CDATA[java.lang.NullPointerException
at atu.testrecorder.ATUTestRecorder.stop(ATUTestRecorder.java:441)
at Com.FreeCRM.TestCases.HomePageTest.AfterTest(HomePageTest.java:43)
at java.base/jdk.internal.reflect.NativeMethodAccessorImpl.invoke0(Native Method)
at java.base/jdk.internal.reflect.NativeMethodAccessorImpl.invoke(NativeMethodAccessorImpl.java:62)
at java.base/jdk.internal.reflect.DelegatingMethodAccessorImpl.invoke(DelegatingMethodAccessorImpl.java:43)
at java.base/java.lang.reflect.Method.invoke(Method.java:566)
at org.testng.internal.MethodInvocationHelper.invokeMethod(MethodInvocationHelper.java:133)
at org.testng.internal.MethodInvocationHelper.invokeMethodConsideringTimeout(MethodInvocationHelper.java:62)
at org.testng.internal.ConfigInvoker.invokeConfigurationMethod(ConfigInvoker.java:340)
at org.testng.internal.ConfigInvoker.invokeConfigurations(ConfigInvoker.java:294)
at org.testng.internal.TestInvoker.runConfigMethods(TestInvoker.java:683)
at org.testng.internal.TestInvoker.runAfterGroupsConfigurations(TestInvoker.java:658)
at org.testng.internal.TestInvoker.invokeMethod(TestInvoker.java:642)
at org.testng.internal.TestInvoker.invokeTestMethod(TestInvoker.java:172)
at org.testng.internal.MethodRunner.runInSequence(MethodRunner.java:46)
at org.testng.internal.TestInvoker$MethodInvocationAgent.invoke(TestInvoker.java:804)
at org.testng.internal.TestInvoker.invokeTestMethods(TestInvoker.java:145)
at org.testng.internal.TestMethodWorker.invokeTestMethods(TestMethodWorker.java:146)
at org.testng.internal.TestMethodWorker.run(TestMethodWorker.java:128)
at java.base/java.util.ArrayList.forEach(ArrayList.java:1540)
at org.testng.TestRunner.privateRun(TestRunner.java:770)
at org.testng.TestRunner.run(TestRunner.java:591)
at org.testng.SuiteRunner.runTest(SuiteRunner.java:402)
at org.testng.SuiteRunner.runSequentially(SuiteRunner.java:396)
at org.testng.SuiteRunner.privateRun(SuiteRunner.java:355)
at org.testng.SuiteRunner.run(SuiteRunner.java:304)
at org.testng.SuiteRunnerWorker.runSuite(SuiteRunnerWorker.java:53)
at org.testng.SuiteRunnerWorker.run(SuiteRunnerWorker.java:96)
at org.testng.TestNG.runSuitesSequentially(TestNG.java:1180)
at org.testng.TestNG.runSuitesLocally(TestNG.java:1102)
at org.testng.TestNG.runSuites(TestNG.java:1032)
at org.testng.TestNG.run(TestNG.java:1000)
at org.testng.remote.AbstractRemoteTestNG.run(AbstractRemoteTestNG.java:115)
at org.testng.remote.RemoteTestNG.initAndRun(RemoteTestNG.java:251)
at org.testng.remote.RemoteTestNG.main(RemoteTestNG.java:77)
]]>
            </full-stacktrace>
          </exception> <!-- java.lang.NullPointerException -->
          <reporter-output>
          </reporter-output>
        </test-method> <!-- TaskesButton -->
        <test-method is-config="true" signature="AfterTest(java.lang.reflect.Method)[pri:0, instance:Com.FreeCRM.TestCases.HomePageTest@3541cb24]" started-at="2019-11-09T02:47:42 EET" name="AfterTest" finished-at="1970-01-01T02:00:00 EET" duration-ms="-1573260462562" status="SKIP">
          <reporter-output>
          </reporter-output>
        </test-method> <!-- AfterTest -->
        <test-method is-config="true" signature="PreConditionSetup(java.lang.String, java.lang.reflect.Method)[pri:0, instance:Com.FreeCRM.TestCases.HomePageTest@3541cb24]" started-at="2019-11-09T02:47:42 EET" name="PreConditionSetup" finished-at="1970-01-01T02:00:00 EET" duration-ms="-1573260462565" status="SKIP">
          <reporter-output>
          </reporter-output>
        </test-method> <!-- PreConditionSetup -->
        <test-method signature="EmailButton()[pri:7, instance:Com.FreeCRM.TestCases.HomePageTest@3541cb24]" started-at="2019-11-09T02:47:42 EET" name="EmailButton" finished-at="2019-11-09T02:47:42 EET" duration-ms="0" status="SKIP">
          <exception class="java.lang.NullPointerException">
            <full-stacktrace>
              <![CDATA[java.lang.NullPointerException
at atu.testrecorder.ATUTestRecorder.stop(ATUTestRecorder.java:441)
at Com.FreeCRM.TestCases.HomePageTest.AfterTest(HomePageTest.java:43)
at java.base/jdk.internal.reflect.NativeMethodAccessorImpl.invoke0(Native Method)
at java.base/jdk.internal.reflect.NativeMethodAccessorImpl.invoke(NativeMethodAccessorImpl.java:62)
at java.base/jdk.internal.reflect.DelegatingMethodAccessorImpl.invoke(DelegatingMethodAccessorImpl.java:43)
at java.base/java.lang.reflect.Method.invoke(Method.java:566)
at org.testng.internal.MethodInvocationHelper.invokeMethod(MethodInvocationHelper.java:133)
at org.testng.internal.MethodInvocationHelper.invokeMethodConsideringTimeout(MethodInvocationHelper.java:62)
at org.testng.internal.ConfigInvoker.invokeConfigurationMethod(ConfigInvoker.java:340)
at org.testng.internal.ConfigInvoker.invokeConfigurations(ConfigInvoker.java:294)
at org.testng.internal.TestInvoker.runConfigMethods(TestInvoker.java:683)
at org.testng.internal.TestInvoker.runAfterGroupsConfigurations(TestInvoker.java:658)
at org.testng.internal.TestInvoker.invokeMethod(TestInvoker.java:642)
at org.testng.internal.TestInvoker.invokeTestMethod(TestInvoker.java:172)
at org.testng.internal.MethodRunner.runInSequence(MethodRunner.java:46)
at org.testng.internal.TestInvoker$MethodInvocationAgent.invoke(TestInvoker.java:804)
at org.testng.internal.TestInvoker.invokeTestMethods(TestInvoker.java:145)
at org.testng.internal.TestMethodWorker.invokeTestMethods(TestMethodWorker.java:146)
at org.testng.internal.TestMethodWorker.run(TestMethodWorker.java:128)
at java.base/java.util.ArrayList.forEach(ArrayList.java:1540)
at org.testng.TestRunner.privateRun(TestRunner.java:770)
at org.testng.TestRunner.run(TestRunner.java:591)
at org.testng.SuiteRunner.runTest(SuiteRunner.java:402)
at org.testng.SuiteRunner.runSequentially(SuiteRunner.java:396)
at org.testng.SuiteRunner.privateRun(SuiteRunner.java:355)
at org.testng.SuiteRunner.run(SuiteRunner.java:304)
at org.testng.SuiteRunnerWorker.runSuite(SuiteRunnerWorker.java:53)
at org.testng.SuiteRunnerWorker.run(SuiteRunnerWorker.java:96)
at org.testng.TestNG.runSuitesSequentially(TestNG.java:1180)
at org.testng.TestNG.runSuitesLocally(TestNG.java:1102)
at org.testng.TestNG.runSuites(TestNG.java:1032)
at org.testng.TestNG.run(TestNG.java:1000)
at org.testng.remote.AbstractRemoteTestNG.run(AbstractRemoteTestNG.java:115)
at org.testng.remote.RemoteTestNG.initAndRun(RemoteTestNG.java:251)
at org.testng.remote.RemoteTestNG.main(RemoteTestNG.java:77)
]]>
            </full-stacktrace>
          </exception> <!-- java.lang.NullPointerException -->
          <reporter-output>
          </reporter-output>
        </test-method> <!-- EmailButton -->
        <test-method is-config="true" signature="AfterTest(java.lang.reflect.Method)[pri:0, instance:Com.FreeCRM.TestCases.HomePageTest@3541cb24]" started-at="2019-11-09T02:47:42 EET" name="AfterTest" finished-at="1970-01-01T02:00:00 EET" duration-ms="-1573260462583" status="SKIP">
          <reporter-output>
          </reporter-output>
        </test-method> <!-- AfterTest -->
        <test-method is-config="true" signature="PreConditionSetup(java.lang.String, java.lang.reflect.Method)[pri:0, instance:Com.FreeCRM.TestCases.HomePageTest@3541cb24]" started-at="2019-11-09T02:47:42 EET" name="PreConditionSetup" finished-at="1970-01-01T02:00:00 EET" duration-ms="-1573260462585" status="SKIP">
          <reporter-output>
          </reporter-output>
        </test-method> <!-- PreConditionSetup -->
        <test-method signature="LogOut()[pri:8, instance:Com.FreeCRM.TestCases.HomePageTest@3541cb24]" started-at="2019-11-09T02:47:42 EET" name="LogOut" finished-at="2019-11-09T02:47:42 EET" duration-ms="0" status="SKIP">
          <exception class="java.lang.NullPointerException">
            <full-stacktrace>
              <![CDATA[java.lang.NullPointerException
at atu.testrecorder.ATUTestRecorder.stop(ATUTestRecorder.java:441)
at Com.FreeCRM.TestCases.HomePageTest.AfterTest(HomePageTest.java:43)
at java.base/jdk.internal.reflect.NativeMethodAccessorImpl.invoke0(Native Method)
at java.base/jdk.internal.reflect.NativeMethodAccessorImpl.invoke(NativeMethodAccessorImpl.java:62)
at java.base/jdk.internal.reflect.DelegatingMethodAccessorImpl.invoke(DelegatingMethodAccessorImpl.java:43)
at java.base/java.lang.reflect.Method.invoke(Method.java:566)
at org.testng.internal.MethodInvocationHelper.invokeMethod(MethodInvocationHelper.java:133)
at org.testng.internal.MethodInvocationHelper.invokeMethodConsideringTimeout(MethodInvocationHelper.java:62)
at org.testng.internal.ConfigInvoker.invokeConfigurationMethod(ConfigInvoker.java:340)
at org.testng.internal.ConfigInvoker.invokeConfigurations(ConfigInvoker.java:294)
at org.testng.internal.TestInvoker.runConfigMethods(TestInvoker.java:683)
at org.testng.internal.TestInvoker.runAfterGroupsConfigurations(TestInvoker.java:658)
at org.testng.internal.TestInvoker.invokeMethod(TestInvoker.java:642)
at org.testng.internal.TestInvoker.invokeTestMethod(TestInvoker.java:172)
at org.testng.internal.MethodRunner.runInSequence(MethodRunner.java:46)
at org.testng.internal.TestInvoker$MethodInvocationAgent.invoke(TestInvoker.java:804)
at org.testng.internal.TestInvoker.invokeTestMethods(TestInvoker.java:145)
at org.testng.internal.TestMethodWorker.invokeTestMethods(TestMethodWorker.java:146)
at org.testng.internal.TestMethodWorker.run(TestMethodWorker.java:128)
at java.base/java.util.ArrayList.forEach(ArrayList.java:1540)
at org.testng.TestRunner.privateRun(TestRunner.java:770)
at org.testng.TestRunner.run(TestRunner.java:591)
at org.testng.SuiteRunner.runTest(SuiteRunner.java:402)
at org.testng.SuiteRunner.runSequentially(SuiteRunner.java:396)
at org.testng.SuiteRunner.privateRun(SuiteRunner.java:355)
at org.testng.SuiteRunner.run(SuiteRunner.java:304)
at org.testng.SuiteRunnerWorker.runSuite(SuiteRunnerWorker.java:53)
at org.testng.SuiteRunnerWorker.run(SuiteRunnerWorker.java:96)
at org.testng.TestNG.runSuitesSequentially(TestNG.java:1180)
at org.testng.TestNG.runSuitesLocally(TestNG.java:1102)
at org.testng.TestNG.runSuites(TestNG.java:1032)
at org.testng.TestNG.run(TestNG.java:1000)
at org.testng.remote.AbstractRemoteTestNG.run(AbstractRemoteTestNG.java:115)
at org.testng.remote.RemoteTestNG.initAndRun(RemoteTestNG.java:251)
at org.testng.remote.RemoteTestNG.main(RemoteTestNG.java:77)
]]>
            </full-stacktrace>
          </exception> <!-- java.lang.NullPointerException -->
          <reporter-output>
          </reporter-output>
        </test-method> <!-- LogOut -->
        <test-method is-config="true" signature="AfterTest(java.lang.reflect.Method)[pri:0, instance:Com.FreeCRM.TestCases.HomePageTest@3541cb24]" started-at="2019-11-09T02:47:42 EET" name="AfterTest" finished-at="1970-01-01T02:00:00 EET" duration-ms="-1573260462599" status="SKIP">
          <reporter-output>
          </reporter-output>
        </test-method> <!-- AfterTest -->
      </class> <!-- Com.FreeCRM.TestCases.HomePageTest -->
    </test> <!-- End to End Test -->
  </suite> <!-- Free CRM Application Test -->
</testng-results>
