<?xml version="1.0" encoding="UTF-8"?>
<!-- Generated by org.testng.reporters.JUnitXMLReporter -->
<testsuite ignored="0" hostname="MNasr-PC" failures="0" tests="33" name="End to End Test" time="187.675" errors="0" timestamp="2019-11-09T02:48:09 EET">
  <testcase classname="Com.FreeCRM.TestCases.HomePageTest" name="@AfterMethod AfterTest" time="3.687">
    <failure type="java.lang.NullPointerException">
      <![CDATA[java.lang.NullPointerException
at atu.testrecorder.ATUTestRecorder.stop(ATUTestRecorder.java:441)
at Com.FreeCRM.TestCases.HomePageTest.AfterTest(HomePageTest.java:43)
at java.base/java.util.ArrayList.forEach(ArrayList.java:1540)
... Removed 32 stack frames]]>
    </failure>
  </testcase> <!-- @AfterMethod AfterTest -->
  <testcase classname="Com.FreeCRM.TestCases.HomePageTest" name="@BeforeMethod PreConditionSetup" time="-1.573260462554E9">
    <skipped/>
  </testcase> <!-- @BeforeMethod PreConditionSetup -->
  <testcase classname="Com.FreeCRM.TestCases.HomePageTest" name="@AfterMethod AfterTest" time="-1.573260462562E9">
    <skipped/>
  </testcase> <!-- @AfterMethod AfterTest -->
  <testcase classname="Com.FreeCRM.TestCases.HomePageTest" name="@BeforeMethod PreConditionSetup" time="-1.573260462565E9">
    <skipped/>
  </testcase> <!-- @BeforeMethod PreConditionSetup -->
  <testcase classname="Com.FreeCRM.TestCases.HomePageTest" name="@AfterMethod AfterTest" time="-1.573260462583E9">
    <skipped/>
  </testcase> <!-- @AfterMethod AfterTest -->
  <testcase classname="Com.FreeCRM.TestCases.HomePageTest" name="@BeforeMethod PreConditionSetup" time="-1.573260462585E9">
    <skipped/>
  </testcase> <!-- @BeforeMethod PreConditionSetup -->
  <testcase classname="Com.FreeCRM.TestCases.HomePageTest" name="@AfterMethod AfterTest" time="-1.573260462599E9">
    <skipped/>
  </testcase> <!-- @AfterMethod AfterTest -->
  <testcase classname="Com.FreeCRM.TestCases.ContactsPageTest" name="@BeforeMethod Beforetest" time="24.342">
    <failure type="atu.testrecorder.exceptions.ATUTestRecorderException">
      <![CDATA[[ATU Test Recorder Exception] line with format PCM_SIGNED 44100.0 Hz, 16 bit, mono, 2 bytes/frame, big-endian not supported.
at atu.testrecorder.ATUTestRecorder.start(ATUTestRecorder.java:376)
at Com.FreeCRM.TestCases.ContactsPageTest.Beforetest(ContactsPageTest.java:37)
at java.base/java.util.ArrayList.forEach(ArrayList.java:1540)
... Removed 31 stack frames]]>
    </failure>
  </testcase> <!-- @BeforeMethod Beforetest -->
  <testcase classname="Com.FreeCRM.TestCases.ContactsPageTest" name="@AfterMethod AfterTest" time="-1.573260488955E9">
    <skipped/>
  </testcase> <!-- @AfterMethod AfterTest -->
  <testcase classname="Com.FreeCRM.TestCases.ContactsPageTest" name="@BeforeMethod Beforetest" time="-1.573260488957E9">
    <skipped/>
  </testcase> <!-- @BeforeMethod Beforetest -->
  <testcase classname="Com.FreeCRM.TestCases.ContactsPageTest" name="@AfterMethod AfterTest" time="-1.573260489005E9">
    <skipped/>
  </testcase> <!-- @AfterMethod AfterTest -->
  <testcase classname="Com.FreeCRM.TestCases.ContactsPageTest" name="@BeforeMethod Beforetest" time="-1.573260489007E9">
    <skipped/>
  </testcase> <!-- @BeforeMethod Beforetest -->
  <testcase classname="Com.FreeCRM.TestCases.ContactsPageTest" name="@AfterMethod AfterTest" time="-1.573260489022E9">
    <skipped/>
  </testcase> <!-- @AfterMethod AfterTest -->
  <testcase classname="Com.FreeCRM.TestCases.ContactsPageTest" name="@BeforeMethod Beforetest" time="-1.573260489026E9">
    <skipped/>
  </testcase> <!-- @BeforeMethod Beforetest -->
  <testcase classname="Com.FreeCRM.TestCases.ContactsPageTest" name="@AfterMethod AfterTest" time="-1.573260489031E9">
    <skipped/>
  </testcase> <!-- @AfterMethod AfterTest -->
  <testcase classname="Com.FreeCRM.TestCases.ContactsPageTest" name="@BeforeMethod Beforetest" time="-1.573260489033E9">
    <skipped/>
  </testcase> <!-- @BeforeMethod Beforetest -->
  <testcase classname="Com.FreeCRM.TestCases.ContactsPageTest" name="@AfterMethod AfterTest" time="-1.573260489039E9">
    <skipped/>
  </testcase> <!-- @AfterMethod AfterTest -->
  <testcase classname="Com.FreeCRM.TestCases.ContactsPageTest" name="@BeforeMethod Beforetest" time="-1.573260489042E9">
    <skipped/>
  </testcase> <!-- @BeforeMethod Beforetest -->
  <testcase classname="Com.FreeCRM.TestCases.ContactsPageTest" name="@AfterMethod AfterTest" time="-1.573260489049E9">
    <skipped/>
  </testcase> <!-- @AfterMethod AfterTest -->
  <testcase classname="Com.FreeCRM.TestCases.ContactsPageTest" name="@BeforeMethod Beforetest" time="-1.573260489051E9">
    <skipped/>
  </testcase> <!-- @BeforeMethod Beforetest -->
  <testcase classname="Com.FreeCRM.TestCases.ContactsPageTest" name="@AfterMethod AfterTest" time="-1.573260489064E9">
    <skipped/>
  </testcase> <!-- @AfterMethod AfterTest -->
  <testcase classname="Com.FreeCRM.TestCases.ContactsPageTest" name="@BeforeMethod Beforetest" time="-1.573260489069E9">
    <skipped/>
  </testcase> <!-- @BeforeMethod Beforetest -->
  <testcase classname="Com.FreeCRM.TestCases.ContactsPageTest" name="@AfterMethod AfterTest" time="-1.573260489077E9">
    <skipped/>
  </testcase> <!-- @AfterMethod AfterTest -->
  <testcase classname="Com.FreeCRM.TestCases.ContactsPageTest" name="@BeforeMethod Beforetest" time="-1.573260489081E9">
    <skipped/>
  </testcase> <!-- @BeforeMethod Beforetest -->
  <testcase classname="Com.FreeCRM.TestCases.ContactsPageTest" name="@AfterMethod AfterTest" time="-1.573260489086E9">
    <skipped/>
  </testcase> <!-- @AfterMethod AfterTest -->
  <testcase classname="Com.FreeCRM.TestCases.ContactsPageTest" name="@BeforeMethod Beforetest" time="-1.573260489088E9">
    <skipped/>
  </testcase> <!-- @BeforeMethod Beforetest -->
  <testcase classname="Com.FreeCRM.TestCases.ContactsPageTest" name="@AfterMethod AfterTest" time="-1.573260489094E9">
    <skipped/>
  </testcase> <!-- @AfterMethod AfterTest -->
  <testcase classname="Com.FreeCRM.TestCases.ContactsPageTest" name="@BeforeMethod Beforetest" time="-1.573260489099E9">
    <skipped/>
  </testcase> <!-- @BeforeMethod Beforetest -->
  <testcase classname="Com.FreeCRM.TestCases.ContactsPageTest" name="@AfterMethod AfterTest" time="-1.573260489106E9">
    <skipped/>
  </testcase> <!-- @AfterMethod AfterTest -->
  <testcase classname="Com.FreeCRM.TestCases.ContactsPageTest" name="@BeforeMethod Beforetest" time="-1.573260489108E9">
    <skipped/>
  </testcase> <!-- @BeforeMethod Beforetest -->
  <testcase classname="Com.FreeCRM.TestCases.ContactsPageTest" name="@AfterMethod AfterTest" time="-1.573260489112E9">
    <skipped/>
  </testcase> <!-- @AfterMethod AfterTest -->
  <testcase classname="Com.FreeCRM.TestCases.ContactsPageTest" name="@BeforeMethod Beforetest" time="-1.573260489113E9">
    <skipped/>
  </testcase> <!-- @BeforeMethod Beforetest -->
  <testcase classname="Com.FreeCRM.TestCases.ContactsPageTest" name="@AfterMethod AfterTest" time="-1.573260489184E9">
    <skipped/>
  </testcase> <!-- @AfterMethod AfterTest -->
  <testcase classname="Com.FreeCRM.TestCases.ContactsPageTest" name="@BeforeMethod Beforetest" time="-1.573260489185E9">
    <skipped/>
  </testcase> <!-- @BeforeMethod Beforetest -->
  <testcase classname="Com.FreeCRM.TestCases.ContactsPageTest" name="@AfterMethod AfterTest" time="-1.573260489267E9">
    <skipped/>
  </testcase> <!-- @AfterMethod AfterTest -->
  <testcase classname="Com.FreeCRM.TestCases.ContactsPageTest" name="@BeforeMethod Beforetest" time="-1.573260489269E9">
    <skipped/>
  </testcase> <!-- @BeforeMethod Beforetest -->
  <testcase classname="Com.FreeCRM.TestCases.ContactsPageTest" name="@AfterMethod AfterTest" time="-1.573260489274E9">
    <skipped/>
  </testcase> <!-- @AfterMethod AfterTest -->
  <testcase classname="Com.FreeCRM.TestCases.ContactsPageTest" name="@BeforeMethod Beforetest" time="-1.573260489276E9">
    <skipped/>
  </testcase> <!-- @BeforeMethod Beforetest -->
  <testcase classname="Com.FreeCRM.TestCases.ContactsPageTest" name="@AfterMethod AfterTest" time="-1.573260489296E9">
    <skipped/>
  </testcase> <!-- @AfterMethod AfterTest -->
  <testcase classname="Com.FreeCRM.TestCases.ContactsPageTest" name="@BeforeMethod Beforetest" time="-1.573260489297E9">
    <skipped/>
  </testcase> <!-- @BeforeMethod Beforetest -->
  <testcase classname="Com.FreeCRM.TestCases.ContactsPageTest" name="@AfterMethod AfterTest" time="-1.573260489301E9">
    <skipped/>
  </testcase> <!-- @AfterMethod AfterTest -->
  <testcase classname="Com.FreeCRM.TestCases.ContactsPageTest" name="@BeforeMethod Beforetest" time="-1.573260489315E9">
    <skipped/>
  </testcase> <!-- @BeforeMethod Beforetest -->
  <testcase classname="Com.FreeCRM.TestCases.ContactsPageTest" name="@AfterMethod AfterTest" time="-1.573260489319E9">
    <skipped/>
  </testcase> <!-- @AfterMethod AfterTest -->
  <testcase classname="Com.FreeCRM.TestCases.ContactsPageTest" name="@BeforeMethod Beforetest" time="-1.57326048932E9">
    <skipped/>
  </testcase> <!-- @BeforeMethod Beforetest -->
  <testcase classname="Com.FreeCRM.TestCases.ContactsPageTest" name="@AfterMethod AfterTest" time="-1.573260489344E9">
    <skipped/>
  </testcase> <!-- @AfterMethod AfterTest -->
  <testcase classname="Com.FreeCRM.TestCases.ContactsPageTest" name="@BeforeMethod Beforetest" time="-1.573260489348E9">
    <skipped/>
  </testcase> <!-- @BeforeMethod Beforetest -->
  <testcase classname="Com.FreeCRM.TestCases.ContactsPageTest" name="@AfterMethod AfterTest" time="-1.573260489364E9">
    <skipped/>
  </testcase> <!-- @AfterMethod AfterTest -->
  <testcase classname="Com.FreeCRM.TestCases.ContactsPageTest" name="@BeforeMethod Beforetest" time="-1.573260489365E9">
    <skipped/>
  </testcase> <!-- @BeforeMethod Beforetest -->
  <testcase classname="Com.FreeCRM.TestCases.ContactsPageTest" name="@AfterMethod AfterTest" time="-1.573260489368E9">
    <skipped/>
  </testcase> <!-- @AfterMethod AfterTest -->
  <testcase classname="Com.FreeCRM.TestCases.ContactsPageTest" name="@BeforeMethod Beforetest" time="-1.573260489369E9">
    <skipped/>
  </testcase> <!-- @BeforeMethod Beforetest -->
  <testcase classname="Com.FreeCRM.TestCases.ContactsPageTest" name="@AfterMethod AfterTest" time="-1.573260489525E9">
    <skipped/>
  </testcase> <!-- @AfterMethod AfterTest -->
  <testcase classname="Com.FreeCRM.TestCases.ContactsPageTest" name="@BeforeMethod Beforetest" time="-1.573260489528E9">
    <skipped/>
  </testcase> <!-- @BeforeMethod Beforetest -->
  <testcase classname="Com.FreeCRM.TestCases.ContactsPageTest" name="@AfterMethod AfterTest" time="-1.573260489532E9">
    <skipped/>
  </testcase> <!-- @AfterMethod AfterTest -->
  <testcase classname="Com.FreeCRM.TestCases.ContactsPageTest" name="@BeforeMethod Beforetest" time="-1.573260489533E9">
    <skipped/>
  </testcase> <!-- @BeforeMethod Beforetest -->
  <testcase classname="Com.FreeCRM.TestCases.ContactsPageTest" name="@AfterMethod AfterTest" time="-1.573260489537E9">
    <skipped/>
  </testcase> <!-- @AfterMethod AfterTest -->
  <testcase classname="Com.FreeCRM.TestCases.ContactsPageTest" name="@BeforeMethod Beforetest" time="-1.573260489538E9">
    <skipped/>
  </testcase> <!-- @BeforeMethod Beforetest -->
  <testcase classname="Com.FreeCRM.TestCases.ContactsPageTest" name="@AfterMethod AfterTest" time="-1.573260489542E9">
    <skipped/>
  </testcase> <!-- @AfterMethod AfterTest -->
  <testcase classname="Com.FreeCRM.TestCases.LoginPageTest" name="TitlePage" time="0.08"/>
  <testcase classname="Com.FreeCRM.TestCases.LoginPageTest" name="LogoTest" time="1.03"/>
  <testcase classname="Com.FreeCRM.TestCases.LoginPageTest" name="LoginTest" time="11.891"/>
  <testcase classname="Com.FreeCRM.TestCases.LoginPageTest" name="URLcheck" time="0.115"/>
  <testcase classname="Com.FreeCRM.TestCases.HomePageTest" name="ClickOnContactsTest" time="3.169"/>
  <testcase classname="Com.FreeCRM.TestCases.HomePageTest" name="TaskesButton" time="0.0">
    <skipped/>
  </testcase> <!-- TaskesButton -->
  <testcase classname="Com.FreeCRM.TestCases.HomePageTest" name="EmailButton" time="0.0">
    <skipped/>
  </testcase> <!-- EmailButton -->
  <testcase classname="Com.FreeCRM.TestCases.HomePageTest" name="LogOut" time="0.0">
    <skipped/>
  </testcase> <!-- LogOut -->
  <testcase classname="Com.FreeCRM.TestCases.ContactsPageTest" name="ContactsData" time="0.0">
    <skipped/>
  </testcase> <!-- ContactsData -->
  <testcase classname="Com.FreeCRM.TestCases.ContactsPageTest" name="ContactsData" time="0.0">
    <skipped/>
  </testcase> <!-- ContactsData -->
  <testcase classname="Com.FreeCRM.TestCases.ContactsPageTest" name="ContactsData" time="0.0">
    <skipped/>
  </testcase> <!-- ContactsData -->
  <testcase classname="Com.FreeCRM.TestCases.ContactsPageTest" name="ContactsData" time="0.0">
    <skipped/>
  </testcase> <!-- ContactsData -->
  <testcase classname="Com.FreeCRM.TestCases.ContactsPageTest" name="ContactsData" time="0.0">
    <skipped/>
  </testcase> <!-- ContactsData -->
  <testcase classname="Com.FreeCRM.TestCases.ContactsPageTest" name="ContactsData" time="0.0">
    <skipped/>
  </testcase> <!-- ContactsData -->
  <testcase classname="Com.FreeCRM.TestCases.ContactsPageTest" name="ContactsData" time="0.0">
    <skipped/>
  </testcase> <!-- ContactsData -->
  <testcase classname="Com.FreeCRM.TestCases.ContactsPageTest" name="ContactsData" time="0.0">
    <skipped/>
  </testcase> <!-- ContactsData -->
  <testcase classname="Com.FreeCRM.TestCases.ContactsPageTest" name="ContactsData" time="0.0">
    <skipped/>
  </testcase> <!-- ContactsData -->
  <testcase classname="Com.FreeCRM.TestCases.ContactsPageTest" name="ContactsData" time="0.0">
    <skipped/>
  </testcase> <!-- ContactsData -->
  <testcase classname="Com.FreeCRM.TestCases.ContactsPageTest" name="ContactsData" time="0.0">
    <skipped/>
  </testcase> <!-- ContactsData -->
  <testcase classname="Com.FreeCRM.TestCases.ContactsPageTest" name="ContactsData" time="0.0">
    <skipped/>
  </testcase> <!-- ContactsData -->
  <testcase classname="Com.FreeCRM.TestCases.ContactsPageTest" name="ContactsData" time="0.0">
    <skipped/>
  </testcase> <!-- ContactsData -->
  <testcase classname="Com.FreeCRM.TestCases.ContactsPageTest" name="ContactsData" time="0.0">
    <skipped/>
  </testcase> <!-- ContactsData -->
  <testcase classname="Com.FreeCRM.TestCases.ContactsPageTest" name="ContactsData" time="0.0">
    <skipped/>
  </testcase> <!-- ContactsData -->
  <testcase classname="Com.FreeCRM.TestCases.ContactsPageTest" name="ContactsData" time="0.0">
    <skipped/>
  </testcase> <!-- ContactsData -->
  <testcase classname="Com.FreeCRM.TestCases.ContactsPageTest" name="ContactsData" time="0.0">
    <skipped/>
  </testcase> <!-- ContactsData -->
  <testcase classname="Com.FreeCRM.TestCases.ContactsPageTest" name="ContactsData" time="0.0">
    <skipped/>
  </testcase> <!-- ContactsData -->
  <testcase classname="Com.FreeCRM.TestCases.ContactsPageTest" name="ContactsData" time="0.0">
    <skipped/>
  </testcase> <!-- ContactsData -->
  <testcase classname="Com.FreeCRM.TestCases.ContactsPageTest" name="ContactsData" time="0.0">
    <skipped/>
  </testcase> <!-- ContactsData -->
  <testcase classname="Com.FreeCRM.TestCases.ContactsPageTest" name="ContactsData" time="0.0">
    <skipped/>
  </testcase> <!-- ContactsData -->
  <testcase classname="Com.FreeCRM.TestCases.ContactsPageTest" name="ContactsData" time="0.0">
    <skipped/>
  </testcase> <!-- ContactsData -->
  <testcase classname="Com.FreeCRM.TestCases.ContactsPageTest" name="ContactsData" time="0.0">
    <skipped/>
  </testcase> <!-- ContactsData -->
  <testcase classname="Com.FreeCRM.TestCases.ContactsPageTest" name="ContactsData" time="0.0">
    <skipped/>
  </testcase> <!-- ContactsData -->
  <testcase classname="Com.FreeCRM.TestCases.ContactsPageTest" name="ContactsData" time="0.0">
    <skipped/>
  </testcase> <!-- ContactsData -->
</testsuite> <!-- End to End Test -->
