<?xml version="1.0" encoding="UTF-8"?>
<!-- Generated by org.testng.reporters.JUnitXMLReporter -->
<testsuite hostname="MNasr-PC" ignored="0" name="Regration Test" tests="4" failures="0" timestamp="2019-10-30T01:20:18 EET" time="111.858" errors="0">
  <testcase name="TitlePage" time="0.027" classname="Com.FreeCRM.TestCases.LoginPage"/>
  <testcase name="LogoTest" time="0.688" classname="Com.FreeCRM.TestCases.LoginPage"/>
  <testcase name="LoginTest" time="12.982" classname="Com.FreeCRM.TestCases.LoginPage"/>
  <testcase name="URLcheck" time="0.013" classname="Com.FreeCRM.TestCases.LoginPage"/>
</testsuite> <!-- Regration Test -->
