<?xml version="1.0" encoding="UTF-8"?>
<!-- Generated by org.testng.reporters.JUnitXMLReporter -->
<testsuite hostname="MNasr-PC" ignored="0" name="Sanity Test" tests="4" failures="0" timestamp="2019-10-30T01:22:20 EET" time="121.904" errors="0">
  <testcase name="ClickOnContactsTest" time="5.791" classname="Com.FreeCRM.TestCases.HomePageTestCases"/>
  <testcase name="TaskesButton" time="5.384" classname="Com.FreeCRM.TestCases.HomePageTestCases"/>
  <testcase name="EmailButton" time="2.982" classname="Com.FreeCRM.TestCases.HomePageTestCases"/>
  <testcase name="LogOut" time="6.182" classname="Com.FreeCRM.TestCases.HomePageTestCases"/>
</testsuite> <!-- Sanity Test -->
